2025-04-29 23:49:44,027 INFO o.a.j.u.JMeterUtils: Setting Locale to en_EN
2025-04-29 23:49:44,065 INFO o.a.j.JMeter: Loading user properties from: /home/varun/jmeter/bin/user.properties
2025-04-29 23:49:44,067 INFO o.a.j.JMeter: Loading system properties from: /home/varun/jmeter/bin/system.properties
2025-04-29 23:49:44,082 INFO o.a.j.JMeter: Copyright (c) 1998-2024 The Apache Software Foundation
2025-04-29 23:49:44,082 INFO o.a.j.JMeter: Version 5.6.3
2025-04-29 23:49:44,083 INFO o.a.j.JMeter: java.version=17.0.14
2025-04-29 23:49:44,083 INFO o.a.j.JMeter: java.vm.name=OpenJDK 64-Bit Server VM
2025-04-29 23:49:44,083 INFO o.a.j.JMeter: os.name=Linux
2025-04-29 23:49:44,083 INFO o.a.j.JMeter: os.arch=amd64
2025-04-29 23:49:44,083 INFO o.a.j.JMeter: os.version=5.15.167.4-microsoft-standard-WSL2
2025-04-29 23:49:44,083 INFO o.a.j.JMeter: file.encoding=UTF-8
2025-04-29 23:49:44,083 INFO o.a.j.JMeter: java.awt.headless=null
2025-04-29 23:49:44,083 INFO o.a.j.JMeter: Max memory     =1073741824
2025-04-29 23:49:44,084 INFO o.a.j.JMeter: Available Processors =8
2025-04-29 23:49:44,099 INFO o.a.j.JMeter: Default Locale=English (EN)
2025-04-29 23:49:44,100 INFO o.a.j.JMeter: JMeter  Locale=English (EN)
2025-04-29 23:49:44,100 INFO o.a.j.JMeter: JMeterHome=/home/varun/jmeter
2025-04-29 23:49:44,100 INFO o.a.j.JMeter: user.dir  =/home/varun/jmeter-test/scripts
2025-04-29 23:49:44,100 INFO o.a.j.JMeter: PWD       =/home/varun/jmeter-test/scripts
2025-04-29 23:49:44,101 INFO o.a.j.JMeter: IP: 127.0.1.1 Name: Varun FullName: Varun.
2025-04-29 23:49:44,126 INFO o.a.j.JMeter: Loaded icon properties from org/apache/jmeter/images/icon.properties
2025-04-29 23:49:44,638 INFO o.a.j.JMeterGuiLauncher: Setting LAF to: com.github.weisj.darklaf.DarkLaf:com.github.weisj.darklaf.theme.DarculaTheme
2025-04-29 23:49:46,080 INFO o.a.j.r.ClassFinder: Will scan jar /home/varun/jmeter/lib/ext/jmeter-plugins-manager.jar with filter ExtendsClassFilter [parents=[interface org.apache.jmeter.gui.action.Command], inner=false, contains=null, notContains=null]. Consider exposing JMeter plugins via META-INF/services, and add JMeter-Skip-Class-Scanning=true manifest attribute so JMeter can skip classfile scanning
2025-04-29 23:49:46,190 INFO o.a.j.r.ClassFinder: Will scan jar /home/varun/jmeter/lib/ext/jmeter-bzm-hls-3.1.jar with filter ExtendsClassFilter [parents=[interface org.apache.jmeter.gui.action.Command], inner=false, contains=null, notContains=null]. Consider exposing JMeter plugins via META-INF/services, and add JMeter-Skip-Class-Scanning=true manifest attribute so JMeter can skip classfile scanning
2025-04-29 23:49:46,211 WARN o.a.j.r.ClassFinder: Can not open the jar /home/varun/jmeter/lib/ext/bzm-video.jar, message: zip file is empty
java.util.zip.ZipException: zip file is empty
	at java.base/java.util.zip.ZipFile$Source.zerror(ZipFile.java:1769) ~[?:?]
	at java.base/java.util.zip.ZipFile$Source.findEND(ZipFile.java:1550) ~[?:?]
	at java.base/java.util.zip.ZipFile$Source.initCEN(ZipFile.java:1645) ~[?:?]
	at java.base/java.util.zip.ZipFile$Source.<init>(ZipFile.java:1483) ~[?:?]
	at java.base/java.util.zip.ZipFile$Source.get(ZipFile.java:1445) ~[?:?]
	at java.base/java.util.zip.ZipFile$CleanableResource.<init>(ZipFile.java:717) ~[?:?]
	at java.base/java.util.zip.ZipFile.<init>(ZipFile.java:251) ~[?:?]
	at java.base/java.util.zip.ZipFile.<init>(ZipFile.java:180) ~[?:?]
	at java.base/java.util.jar.JarFile.<init>(JarFile.java:346) ~[?:?]
	at java.base/java.util.jar.JarFile.<init>(JarFile.java:317) ~[?:?]
	at java.base/java.util.jar.JarFile.<init>(JarFile.java:283) ~[?:?]
	at org.apache.jorphan.reflect.ClassFinder.findClassesInOnePath(ClassFinder.java:478) [jorphan.jar:5.6.3]
	at org.apache.jorphan.reflect.ClassFinder.findClasses(ClassFinder.java:443) [jorphan.jar:5.6.3]
	at org.apache.jorphan.reflect.ClassFinder.findClassesThatExtend(ClassFinder.java:413) [jorphan.jar:5.6.3]
	at org.apache.jorphan.reflect.ClassFinder.findClassesThatExtend(ClassFinder.java:336) [jorphan.jar:5.6.3]
	at org.apache.jorphan.reflect.ClassFinder.findClassesThatExtend(ClassFinder.java:315) [jorphan.jar:5.6.3]
	at org.apache.jmeter.util.JMeterUtils.findClassesThatExtend(JMeterUtils.java:402) [ApacheJMeter_core.jar:5.6.3]
	at org.apache.jmeter.util.JMeterUtils.loadServicesAndScanJars(JMeterUtils.java:349) [ApacheJMeter_core.jar:5.6.3]
	at org.apache.jmeter.gui.action.ActionRouter.populateCommandMap(ActionRouter.java:318) [ApacheJMeter_core.jar:5.6.3]
	at org.apache.jmeter.JMeterGuiLauncher$startGuiInternal$2.invokeSuspend(JMeterGuiLauncher.kt:105) [ApacheJMeter_core.jar:5.6.3]
	at kotlin.coroutines.jvm.internal.BaseContinuationImpl.resumeWith(ContinuationImpl.kt:33) [kotlin-stdlib-1.9.22.jar:1.9.22-release-704]
	at kotlinx.coroutines.DispatchedTask.run(DispatchedTask.kt:108) [kotlinx-coroutines-core-jvm-1.7.3.jar:?]
	at kotlinx.coroutines.scheduling.CoroutineScheduler.runSafely(CoroutineScheduler.kt:584) [kotlinx-coroutines-core-jvm-1.7.3.jar:?]
	at kotlinx.coroutines.scheduling.CoroutineScheduler$Worker.executeTask(CoroutineScheduler.kt:793) [kotlinx-coroutines-core-jvm-1.7.3.jar:?]
	at kotlinx.coroutines.scheduling.CoroutineScheduler$Worker.runWorker(CoroutineScheduler.kt:697) [kotlinx-coroutines-core-jvm-1.7.3.jar:?]
	at kotlinx.coroutines.scheduling.CoroutineScheduler$Worker.run(CoroutineScheduler.kt:684) [kotlinx-coroutines-core-jvm-1.7.3.jar:?]
2025-04-29 23:49:46,221 WARN o.a.j.r.ClassFinder: Can not open the jar /home/varun/jmeter/lib/ext/bzm-video.jar, message: zip file is empty
java.util.zip.ZipException: zip file is empty
	at java.base/java.util.zip.ZipFile$Source.zerror(ZipFile.java:1769) ~[?:?]
	at java.base/java.util.zip.ZipFile$Source.findEND(ZipFile.java:1550) ~[?:?]
	at java.base/java.util.zip.ZipFile$Source.initCEN(ZipFile.java:1645) ~[?:?]
	at java.base/java.util.zip.ZipFile$Source.<init>(ZipFile.java:1483) ~[?:?]
	at java.base/java.util.zip.ZipFile$Source.get(ZipFile.java:1445) ~[?:?]
	at java.base/java.util.zip.ZipFile$CleanableResource.<init>(ZipFile.java:717) ~[?:?]
	at java.base/java.util.zip.ZipFile.<init>(ZipFile.java:251) ~[?:?]
	at java.base/java.util.zip.ZipFile.<init>(ZipFile.java:180) ~[?:?]
	at java.base/java.util.zip.ZipFile.<init>(ZipFile.java:194) ~[?:?]
	at org.apache.jorphan.reflect.ClassFinder.findClassesInOnePath(ClassFinder.java:496) [jorphan.jar:5.6.3]
	at org.apache.jorphan.reflect.ClassFinder.findClasses(ClassFinder.java:443) [jorphan.jar:5.6.3]
	at org.apache.jorphan.reflect.ClassFinder.findClassesThatExtend(ClassFinder.java:413) [jorphan.jar:5.6.3]
	at org.apache.jorphan.reflect.ClassFinder.findClassesThatExtend(ClassFinder.java:336) [jorphan.jar:5.6.3]
	at org.apache.jorphan.reflect.ClassFinder.findClassesThatExtend(ClassFinder.java:315) [jorphan.jar:5.6.3]
	at org.apache.jmeter.util.JMeterUtils.findClassesThatExtend(JMeterUtils.java:402) [ApacheJMeter_core.jar:5.6.3]
	at org.apache.jmeter.util.JMeterUtils.loadServicesAndScanJars(JMeterUtils.java:349) [ApacheJMeter_core.jar:5.6.3]
	at org.apache.jmeter.gui.action.ActionRouter.populateCommandMap(ActionRouter.java:318) [ApacheJMeter_core.jar:5.6.3]
	at org.apache.jmeter.JMeterGuiLauncher$startGuiInternal$2.invokeSuspend(JMeterGuiLauncher.kt:105) [ApacheJMeter_core.jar:5.6.3]
	at kotlin.coroutines.jvm.internal.BaseContinuationImpl.resumeWith(ContinuationImpl.kt:33) [kotlin-stdlib-1.9.22.jar:1.9.22-release-704]
	at kotlinx.coroutines.DispatchedTask.run(DispatchedTask.kt:108) [kotlinx-coroutines-core-jvm-1.7.3.jar:?]
	at kotlinx.coroutines.scheduling.CoroutineScheduler.runSafely(CoroutineScheduler.kt:584) [kotlinx-coroutines-core-jvm-1.7.3.jar:?]
	at kotlinx.coroutines.scheduling.CoroutineScheduler$Worker.executeTask(CoroutineScheduler.kt:793) [kotlinx-coroutines-core-jvm-1.7.3.jar:?]
	at kotlinx.coroutines.scheduling.CoroutineScheduler$Worker.runWorker(CoroutineScheduler.kt:697) [kotlinx-coroutines-core-jvm-1.7.3.jar:?]
	at kotlinx.coroutines.scheduling.CoroutineScheduler$Worker.run(CoroutineScheduler.kt:684) [kotlinx-coroutines-core-jvm-1.7.3.jar:?]
2025-04-29 23:49:46,223 INFO o.a.j.r.ClassFinder: Will scan jar /home/varun/jmeter/lib/ext/ubik-jmeter-videostreaming-plugin-10.0.0.jar with filter ExtendsClassFilter [parents=[interface org.apache.jmeter.gui.action.Command], inner=false, contains=null, notContains=null]. Consider exposing JMeter plugins via META-INF/services, and add JMeter-Skip-Class-Scanning=true manifest attribute so JMeter can skip classfile scanning
2025-04-29 23:49:47,464 INFO o.a.j.r.ClassFinder: Will scan jar /home/varun/jmeter/lib/ext/jmeter-plugins-manager.jar with filter ExtendsClassFilter [parents=[interface org.apache.jmeter.gui.plugin.MenuCreator], inner=false, contains=null, notContains=null]. Consider exposing JMeter plugins via META-INF/services, and add JMeter-Skip-Class-Scanning=true manifest attribute so JMeter can skip classfile scanning
2025-04-29 23:49:47,467 INFO o.a.j.r.ClassFinder: Will scan jar /home/varun/jmeter/lib/ext/jmeter-bzm-hls-3.1.jar with filter ExtendsClassFilter [parents=[interface org.apache.jmeter.gui.plugin.MenuCreator], inner=false, contains=null, notContains=null]. Consider exposing JMeter plugins via META-INF/services, and add JMeter-Skip-Class-Scanning=true manifest attribute so JMeter can skip classfile scanning
2025-04-29 23:49:47,468 WARN o.a.j.r.ClassFinder: Can not open the jar /home/varun/jmeter/lib/ext/bzm-video.jar, message: zip file is empty
java.util.zip.ZipException: zip file is empty
	at java.base/java.util.zip.ZipFile$Source.zerror(ZipFile.java:1769) ~[?:?]
	at java.base/java.util.zip.ZipFile$Source.findEND(ZipFile.java:1550) ~[?:?]
	at java.base/java.util.zip.ZipFile$Source.initCEN(ZipFile.java:1645) ~[?:?]
	at java.base/java.util.zip.ZipFile$Source.<init>(ZipFile.java:1483) ~[?:?]
	at java.base/java.util.zip.ZipFile$Source.get(ZipFile.java:1445) ~[?:?]
	at java.base/java.util.zip.ZipFile$CleanableResource.<init>(ZipFile.java:717) ~[?:?]
	at java.base/java.util.zip.ZipFile.<init>(ZipFile.java:251) ~[?:?]
	at java.base/java.util.zip.ZipFile.<init>(ZipFile.java:180) ~[?:?]
	at java.base/java.util.jar.JarFile.<init>(JarFile.java:346) ~[?:?]
	at java.base/java.util.jar.JarFile.<init>(JarFile.java:317) ~[?:?]
	at java.base/java.util.jar.JarFile.<init>(JarFile.java:283) ~[?:?]
	at org.apache.jorphan.reflect.ClassFinder.findClassesInOnePath(ClassFinder.java:478) ~[jorphan.jar:5.6.3]
	at org.apache.jorphan.reflect.ClassFinder.findClasses(ClassFinder.java:443) ~[jorphan.jar:5.6.3]
	at org.apache.jorphan.reflect.ClassFinder.findClassesThatExtend(ClassFinder.java:413) ~[jorphan.jar:5.6.3]
	at org.apache.jorphan.reflect.ClassFinder.findClassesThatExtend(ClassFinder.java:336) ~[jorphan.jar:5.6.3]
	at org.apache.jorphan.reflect.ClassFinder.findClassesThatExtend(ClassFinder.java:315) ~[jorphan.jar:5.6.3]
	at org.apache.jmeter.util.JMeterUtils.findClassesThatExtend(JMeterUtils.java:402) ~[ApacheJMeter_core.jar:5.6.3]
	at org.apache.jmeter.util.JMeterUtils.loadServicesAndScanJars(JMeterUtils.java:349) ~[ApacheJMeter_core.jar:5.6.3]
	at org.apache.jmeter.gui.util.JMeterMenuBar.<init>(JMeterMenuBar.java:95) ~[ApacheJMeter_core.jar:5.6.3]
	at org.apache.jmeter.gui.MainFrame.init(MainFrame.java:519) ~[ApacheJMeter_core.jar:5.6.3]
	at org.apache.jmeter.gui.MainFrame.<init>(MainFrame.java:232) ~[ApacheJMeter_core.jar:5.6.3]
	at org.apache.jmeter.JMeterGuiLauncher.startGuiInternal(JMeterGuiLauncher.kt:112) ~[ApacheJMeter_core.jar:5.6.3]
	at org.apache.jmeter.JMeterGuiLauncher.access$startGuiInternal(JMeterGuiLauncher.kt:47) ~[ApacheJMeter_core.jar:5.6.3]
	at org.apache.jmeter.JMeterGuiLauncher$startGuiInternal$1.invokeSuspend(JMeterGuiLauncher.kt) ~[ApacheJMeter_core.jar:5.6.3]
	at kotlin.coroutines.jvm.internal.BaseContinuationImpl.resumeWith(ContinuationImpl.kt:33) ~[kotlin-stdlib-1.9.22.jar:1.9.22-release-704]
	at kotlinx.coroutines.DispatchedTask.run(DispatchedTask.kt:108) ~[kotlinx-coroutines-core-jvm-1.7.3.jar:?]
	at java.desktop/java.awt.event.InvocationEvent.dispatch(InvocationEvent.java:318) [?:?]
	at java.desktop/java.awt.EventQueue.dispatchEventImpl(EventQueue.java:773) [?:?]
	at java.desktop/java.awt.EventQueue$4.run(EventQueue.java:720) [?:?]
	at java.desktop/java.awt.EventQueue$4.run(EventQueue.java:714) [?:?]
	at java.base/java.security.AccessController.doPrivileged(AccessController.java:399) ~[?:?]
	at java.base/java.security.ProtectionDomain$JavaSecurityAccessImpl.doIntersectionPrivilege(ProtectionDomain.java:86) ~[?:?]
	at java.desktop/java.awt.EventQueue.dispatchEvent(EventQueue.java:742) ~[?:?]
	at java.desktop/java.awt.EventDispatchThread.pumpOneEventForFilters(EventDispatchThread.java:203) ~[?:?]
	at java.desktop/java.awt.EventDispatchThread.pumpEventsForFilter(EventDispatchThread.java:124) ~[?:?]
	at java.desktop/java.awt.EventDispatchThread.pumpEventsForFilter(EventDispatchThread.java:117) ~[?:?]
	at java.desktop/java.awt.WaitDispatchSupport$2.run(WaitDispatchSupport.java:191) ~[?:?]
	at java.desktop/java.awt.WaitDispatchSupport$4.run(WaitDispatchSupport.java:236) ~[?:?]
	at java.desktop/java.awt.WaitDispatchSupport$4.run(WaitDispatchSupport.java:234) ~[?:?]
	at java.base/java.security.AccessController.doPrivileged(AccessController.java:318) [?:?]
	at java.desktop/java.awt.WaitDispatchSupport.enter(WaitDispatchSupport.java:234) ~[?:?]
	at java.desktop/java.awt.Dialog.show(Dialog.java:1080) ~[?:?]
	at java.desktop/java.awt.Component.show(Component.java:1728) ~[?:?]
	at java.desktop/java.awt.Component.setVisible(Component.java:1675) ~[?:?]
	at java.desktop/java.awt.Window.setVisible(Window.java:1036) ~[?:?]
	at java.desktop/java.awt.Dialog.setVisible(Dialog.java:1016) ~[?:?]
	at org.apache.jmeter.SplashScreen.lambda$showScreen$0(SplashScreen.java:95) ~[ApacheJMeter_core.jar:5.6.3]
	at java.desktop/java.awt.event.InvocationEvent.dispatch(InvocationEvent.java:318) ~[?:?]
	at java.desktop/java.awt.EventQueue.dispatchEventImpl(EventQueue.java:773) ~[?:?]
	at java.desktop/java.awt.EventQueue$4.run(EventQueue.java:720) ~[?:?]
	at java.desktop/java.awt.EventQueue$4.run(EventQueue.java:714) ~[?:?]
	at java.base/java.security.AccessController.doPrivileged(AccessController.java:399) [?:?]
	at java.base/java.security.ProtectionDomain$JavaSecurityAccessImpl.doIntersectionPrivilege(ProtectionDomain.java:86) [?:?]
	at java.desktop/java.awt.EventQueue.dispatchEvent(EventQueue.java:742) [?:?]
	at java.desktop/java.awt.EventDispatchThread.pumpOneEventForFilters(EventDispatchThread.java:203) [?:?]
	at java.desktop/java.awt.EventDispatchThread.pumpEventsForFilter(EventDispatchThread.java:124) [?:?]
	at java.desktop/java.awt.EventDispatchThread.pumpEventsForHierarchy(EventDispatchThread.java:113) [?:?]
	at java.desktop/java.awt.EventDispatchThread.pumpEvents(EventDispatchThread.java:109) [?:?]
	at java.desktop/java.awt.EventDispatchThread.pumpEvents(EventDispatchThread.java:101) [?:?]
	at java.desktop/java.awt.EventDispatchThread.run(EventDispatchThread.java:90) [?:?]
2025-04-29 23:49:47,470 WARN o.a.j.r.ClassFinder: Can not open the jar /home/varun/jmeter/lib/ext/bzm-video.jar, message: zip file is empty
java.util.zip.ZipException: zip file is empty
	at java.base/java.util.zip.ZipFile$Source.zerror(ZipFile.java:1769) ~[?:?]
	at java.base/java.util.zip.ZipFile$Source.findEND(ZipFile.java:1550) ~[?:?]
	at java.base/java.util.zip.ZipFile$Source.initCEN(ZipFile.java:1645) ~[?:?]
	at java.base/java.util.zip.ZipFile$Source.<init>(ZipFile.java:1483) ~[?:?]
	at java.base/java.util.zip.ZipFile$Source.get(ZipFile.java:1445) ~[?:?]
	at java.base/java.util.zip.ZipFile$CleanableResource.<init>(ZipFile.java:717) ~[?:?]
	at java.base/java.util.zip.ZipFile.<init>(ZipFile.java:251) ~[?:?]
	at java.base/java.util.zip.ZipFile.<init>(ZipFile.java:180) ~[?:?]
	at java.base/java.util.zip.ZipFile.<init>(ZipFile.java:194) ~[?:?]
	at org.apache.jorphan.reflect.ClassFinder.findClassesInOnePath(ClassFinder.java:496) ~[jorphan.jar:5.6.3]
	at org.apache.jorphan.reflect.ClassFinder.findClasses(ClassFinder.java:443) ~[jorphan.jar:5.6.3]
	at org.apache.jorphan.reflect.ClassFinder.findClassesThatExtend(ClassFinder.java:413) ~[jorphan.jar:5.6.3]
	at org.apache.jorphan.reflect.ClassFinder.findClassesThatExtend(ClassFinder.java:336) ~[jorphan.jar:5.6.3]
	at org.apache.jorphan.reflect.ClassFinder.findClassesThatExtend(ClassFinder.java:315) ~[jorphan.jar:5.6.3]
	at org.apache.jmeter.util.JMeterUtils.findClassesThatExtend(JMeterUtils.java:402) ~[ApacheJMeter_core.jar:5.6.3]
	at org.apache.jmeter.util.JMeterUtils.loadServicesAndScanJars(JMeterUtils.java:349) ~[ApacheJMeter_core.jar:5.6.3]
	at org.apache.jmeter.gui.util.JMeterMenuBar.<init>(JMeterMenuBar.java:95) ~[ApacheJMeter_core.jar:5.6.3]
	at org.apache.jmeter.gui.MainFrame.init(MainFrame.java:519) ~[ApacheJMeter_core.jar:5.6.3]
	at org.apache.jmeter.gui.MainFrame.<init>(MainFrame.java:232) ~[ApacheJMeter_core.jar:5.6.3]
	at org.apache.jmeter.JMeterGuiLauncher.startGuiInternal(JMeterGuiLauncher.kt:112) ~[ApacheJMeter_core.jar:5.6.3]
	at org.apache.jmeter.JMeterGuiLauncher.access$startGuiInternal(JMeterGuiLauncher.kt:47) ~[ApacheJMeter_core.jar:5.6.3]
	at org.apache.jmeter.JMeterGuiLauncher$startGuiInternal$1.invokeSuspend(JMeterGuiLauncher.kt) ~[ApacheJMeter_core.jar:5.6.3]
	at kotlin.coroutines.jvm.internal.BaseContinuationImpl.resumeWith(ContinuationImpl.kt:33) ~[kotlin-stdlib-1.9.22.jar:1.9.22-release-704]
	at kotlinx.coroutines.DispatchedTask.run(DispatchedTask.kt:108) ~[kotlinx-coroutines-core-jvm-1.7.3.jar:?]
	at java.desktop/java.awt.event.InvocationEvent.dispatch(InvocationEvent.java:318) [?:?]
	at java.desktop/java.awt.EventQueue.dispatchEventImpl(EventQueue.java:773) [?:?]
	at java.desktop/java.awt.EventQueue$4.run(EventQueue.java:720) [?:?]
	at java.desktop/java.awt.EventQueue$4.run(EventQueue.java:714) [?:?]
	at java.base/java.security.AccessController.doPrivileged(AccessController.java:399) ~[?:?]
	at java.base/java.security.ProtectionDomain$JavaSecurityAccessImpl.doIntersectionPrivilege(ProtectionDomain.java:86) ~[?:?]
	at java.desktop/java.awt.EventQueue.dispatchEvent(EventQueue.java:742) ~[?:?]
	at java.desktop/java.awt.EventDispatchThread.pumpOneEventForFilters(EventDispatchThread.java:203) ~[?:?]
	at java.desktop/java.awt.EventDispatchThread.pumpEventsForFilter(EventDispatchThread.java:124) ~[?:?]
	at java.desktop/java.awt.EventDispatchThread.pumpEventsForFilter(EventDispatchThread.java:117) ~[?:?]
	at java.desktop/java.awt.WaitDispatchSupport$2.run(WaitDispatchSupport.java:191) ~[?:?]
	at java.desktop/java.awt.WaitDispatchSupport$4.run(WaitDispatchSupport.java:236) ~[?:?]
	at java.desktop/java.awt.WaitDispatchSupport$4.run(WaitDispatchSupport.java:234) ~[?:?]
	at java.base/java.security.AccessController.doPrivileged(AccessController.java:318) [?:?]
	at java.desktop/java.awt.WaitDispatchSupport.enter(WaitDispatchSupport.java:234) ~[?:?]
	at java.desktop/java.awt.Dialog.show(Dialog.java:1080) ~[?:?]
	at java.desktop/java.awt.Component.show(Component.java:1728) ~[?:?]
	at java.desktop/java.awt.Component.setVisible(Component.java:1675) ~[?:?]
	at java.desktop/java.awt.Window.setVisible(Window.java:1036) ~[?:?]
	at java.desktop/java.awt.Dialog.setVisible(Dialog.java:1016) ~[?:?]
	at org.apache.jmeter.SplashScreen.lambda$showScreen$0(SplashScreen.java:95) ~[ApacheJMeter_core.jar:5.6.3]
	at java.desktop/java.awt.event.InvocationEvent.dispatch(InvocationEvent.java:318) ~[?:?]
	at java.desktop/java.awt.EventQueue.dispatchEventImpl(EventQueue.java:773) ~[?:?]
	at java.desktop/java.awt.EventQueue$4.run(EventQueue.java:720) ~[?:?]
	at java.desktop/java.awt.EventQueue$4.run(EventQueue.java:714) ~[?:?]
	at java.base/java.security.AccessController.doPrivileged(AccessController.java:399) [?:?]
	at java.base/java.security.ProtectionDomain$JavaSecurityAccessImpl.doIntersectionPrivilege(ProtectionDomain.java:86) [?:?]
	at java.desktop/java.awt.EventQueue.dispatchEvent(EventQueue.java:742) [?:?]
	at java.desktop/java.awt.EventDispatchThread.pumpOneEventForFilters(EventDispatchThread.java:203) [?:?]
	at java.desktop/java.awt.EventDispatchThread.pumpEventsForFilter(EventDispatchThread.java:124) [?:?]
	at java.desktop/java.awt.EventDispatchThread.pumpEventsForHierarchy(EventDispatchThread.java:113) [?:?]
	at java.desktop/java.awt.EventDispatchThread.pumpEvents(EventDispatchThread.java:109) [?:?]
	at java.desktop/java.awt.EventDispatchThread.pumpEvents(EventDispatchThread.java:101) [?:?]
	at java.desktop/java.awt.EventDispatchThread.run(EventDispatchThread.java:90) [?:?]
2025-04-29 23:49:47,472 INFO o.a.j.r.ClassFinder: Will scan jar /home/varun/jmeter/lib/ext/ubik-jmeter-videostreaming-plugin-10.0.0.jar with filter ExtendsClassFilter [parents=[interface org.apache.jmeter.gui.plugin.MenuCreator], inner=false, contains=null, notContains=null]. Consider exposing JMeter plugins via META-INF/services, and add JMeter-Skip-Class-Scanning=true manifest attribute so JMeter can skip classfile scanning
2025-04-29 23:49:47,641 INFO o.j.r.JARSourceHTTP: Requesting https://jmeter-plugins.org/repo/?installID=linux-a64d3f7b98880b7c574883e1f774dda5-gui
2025-04-29 23:49:49,760 WARN o.a.j.r.ClassFinder: Can not open the jar /home/varun/jmeter/lib/ext/bzm-video.jar, message: zip file is empty
java.util.zip.ZipException: zip file is empty
	at java.base/java.util.zip.ZipFile$Source.zerror(ZipFile.java:1769) ~[?:?]
	at java.base/java.util.zip.ZipFile$Source.findEND(ZipFile.java:1550) ~[?:?]
	at java.base/java.util.zip.ZipFile$Source.initCEN(ZipFile.java:1645) ~[?:?]
	at java.base/java.util.zip.ZipFile$Source.<init>(ZipFile.java:1483) ~[?:?]
	at java.base/java.util.zip.ZipFile$Source.get(ZipFile.java:1445) ~[?:?]
	at java.base/java.util.zip.ZipFile$CleanableResource.<init>(ZipFile.java:717) ~[?:?]
	at java.base/java.util.zip.ZipFile.<init>(ZipFile.java:251) ~[?:?]
	at java.base/java.util.zip.ZipFile.<init>(ZipFile.java:180) ~[?:?]
	at java.base/java.util.zip.ZipFile.<init>(ZipFile.java:194) ~[?:?]
	at org.apache.jorphan.reflect.ClassFinder.findClassesInOnePath(ClassFinder.java:496) ~[jorphan.jar:5.6.3]
	at org.apache.jorphan.reflect.ClassFinder.findClasses(ClassFinder.java:443) ~[jorphan.jar:5.6.3]
	at org.apache.jorphan.reflect.ClassFinder.findClassesThatExtend(ClassFinder.java:413) ~[jorphan.jar:5.6.3]
	at org.apache.jorphan.reflect.ClassFinder.findClassesThatExtend(ClassFinder.java:336) ~[jorphan.jar:5.6.3]
	at org.apache.jorphan.reflect.ClassFinder.findClassesThatExtend(ClassFinder.java:315) ~[jorphan.jar:5.6.3]
	at org.apache.jorphan.reflect.ClassFinder.findClassesThatExtend(ClassFinder.java:282) ~[jorphan.jar:5.6.3]
	at org.apache.jmeter.gui.util.MenuFactory.initializeMenus(MenuFactory.java:136) ~[ApacheJMeter_core.jar:5.6.3]
	at org.apache.jmeter.gui.util.MenuFactory.<clinit>(MenuFactory.java:108) ~[ApacheJMeter_core.jar:5.6.3]
	at org.apache.jmeter.control.gui.TestPlanGui.createPopupMenu(TestPlanGui.java:109) ~[ApacheJMeter_core.jar:5.6.3]
	at org.apache.jmeter.gui.tree.JMeterTreeNode.createPopupMenu(JMeterTreeNode.java:184) ~[ApacheJMeter_core.jar:5.6.3]
	at org.apache.jmeter.gui.action.EditCommand.doAction(EditCommand.java:49) ~[ApacheJMeter_core.jar:5.6.3]
	at org.apache.jmeter.gui.action.ActionRouter.performAction(ActionRouter.java:83) ~[ApacheJMeter_core.jar:5.6.3]
	at org.apache.jmeter.gui.action.ActionRouter.lambda$actionPerformed$0(ActionRouter.java:65) ~[ApacheJMeter_core.jar:5.6.3]
	at java.desktop/java.awt.event.InvocationEvent.dispatch(InvocationEvent.java:318) [?:?]
	at java.desktop/java.awt.EventQueue.dispatchEventImpl(EventQueue.java:773) [?:?]
	at java.desktop/java.awt.EventQueue$4.run(EventQueue.java:720) [?:?]
	at java.desktop/java.awt.EventQueue$4.run(EventQueue.java:714) [?:?]
	at java.base/java.security.AccessController.doPrivileged(AccessController.java:399) ~[?:?]
	at java.base/java.security.ProtectionDomain$JavaSecurityAccessImpl.doIntersectionPrivilege(ProtectionDomain.java:86) ~[?:?]
	at java.desktop/java.awt.EventQueue.dispatchEvent(EventQueue.java:742) ~[?:?]
	at java.desktop/java.awt.EventDispatchThread.pumpOneEventForFilters(EventDispatchThread.java:203) ~[?:?]
	at java.desktop/java.awt.EventDispatchThread.pumpEventsForFilter(EventDispatchThread.java:124) ~[?:?]
	at java.desktop/java.awt.EventDispatchThread.pumpEventsForFilter(EventDispatchThread.java:117) ~[?:?]
	at java.desktop/java.awt.WaitDispatchSupport$2.run(WaitDispatchSupport.java:191) ~[?:?]
	at java.desktop/java.awt.WaitDispatchSupport$4.run(WaitDispatchSupport.java:236) ~[?:?]
	at java.desktop/java.awt.WaitDispatchSupport$4.run(WaitDispatchSupport.java:234) ~[?:?]
	at java.base/java.security.AccessController.doPrivileged(AccessController.java:318) [?:?]
	at java.desktop/java.awt.WaitDispatchSupport.enter(WaitDispatchSupport.java:234) ~[?:?]
	at java.desktop/java.awt.Dialog.show(Dialog.java:1080) ~[?:?]
	at java.desktop/java.awt.Component.show(Component.java:1728) ~[?:?]
	at java.desktop/java.awt.Component.setVisible(Component.java:1675) ~[?:?]
	at java.desktop/java.awt.Window.setVisible(Window.java:1036) ~[?:?]
	at java.desktop/java.awt.Dialog.setVisible(Dialog.java:1016) ~[?:?]
	at org.apache.jmeter.SplashScreen.lambda$showScreen$0(SplashScreen.java:95) ~[ApacheJMeter_core.jar:5.6.3]
	at java.desktop/java.awt.event.InvocationEvent.dispatch(InvocationEvent.java:318) ~[?:?]
	at java.desktop/java.awt.EventQueue.dispatchEventImpl(EventQueue.java:773) ~[?:?]
	at java.desktop/java.awt.EventQueue$4.run(EventQueue.java:720) ~[?:?]
	at java.desktop/java.awt.EventQueue$4.run(EventQueue.java:714) ~[?:?]
	at java.base/java.security.AccessController.doPrivileged(AccessController.java:399) [?:?]
	at java.base/java.security.ProtectionDomain$JavaSecurityAccessImpl.doIntersectionPrivilege(ProtectionDomain.java:86) [?:?]
	at java.desktop/java.awt.EventQueue.dispatchEvent(EventQueue.java:742) [?:?]
	at java.desktop/java.awt.EventDispatchThread.pumpOneEventForFilters(EventDispatchThread.java:203) [?:?]
	at java.desktop/java.awt.EventDispatchThread.pumpEventsForFilter(EventDispatchThread.java:124) [?:?]
	at java.desktop/java.awt.EventDispatchThread.pumpEventsForHierarchy(EventDispatchThread.java:113) [?:?]
	at java.desktop/java.awt.EventDispatchThread.pumpEvents(EventDispatchThread.java:109) [?:?]
	at java.desktop/java.awt.EventDispatchThread.pumpEvents(EventDispatchThread.java:101) [?:?]
	at java.desktop/java.awt.EventDispatchThread.run(EventDispatchThread.java:90) [?:?]
2025-04-29 23:49:50,088 INFO c.u.j.p.h.i.Installer: UbikLoadPack:{ubikloadpack.build-date=2024-11-06T12:02:44Z, ubikloadpack.version=10.0.0}
2025-04-29 23:49:50,375 INFO o.a.j.s.SaveService: Testplan (JMX) version: 2.2. Testlog (JTL) version: 2.2
2025-04-29 23:49:50,387 INFO o.a.j.s.SaveService: Using SaveService properties version 5.0
2025-04-29 23:49:50,390 INFO o.a.j.s.SaveService: Using SaveService properties file encoding UTF-8
2025-04-29 23:49:50,395 INFO c.u.j.p.h.i.Installer: Will write 0 properties
2025-04-29 23:49:50,396 WARN c.u.j.p.h.s.LM: This plugin is the sole property of SAS UBIK-INGENIERIE and subject to licensing, using it without explicit company authorization will expose you to lawsuits.
2025-04-29 23:49:50,397 INFO c.u.j.p.h.s.LM: Checking license at path : null 
2025-04-29 23:49:50,397 ERROR c.u.j.p.h.s.LM: License file is not readable or does not exists, you have setup:'/home/varun/jmeter-test/scripts/null', check path references an existing license file and that user running jmeter can access this file, or check property 'ULP.videostreaming.licensepath' in <jmeter_home>/bin/user.properties is correctly defined
2025-04-29 23:49:50,398 WARN o.a.j.g.u.MenuFactory: Configuration error, probably corrupt or missing third party library(jar)? Could not create class: com.ubikingenierie.jmeter.plugin.hls.gui.BandwithParametersGUI.
java.lang.NoClassDefFoundError: License cannot be checked, license file is not readable or does not exists, you have setup:'/home/varun/jmeter-test/scripts/null', check path references an existing license file and that user running jmeter can access this file or check property 'ULP.videostreaming.licensepath' in <jmeter_home>/bin/user.properties is correctly defined
	at com.ubikingenierie.jmeter.plugin.hls.sampler.LM.f(LM.java:362) ~[ubik-jmeter-videostreaming-plugin-10.0.0.jar:10.0.0]
	at com.ubikingenierie.jmeter.plugin.hls.gui.BandwithParametersGUI.<clinit>(BandwithParametersGUI.java:56) ~[ubik-jmeter-videostreaming-plugin-10.0.0.jar:10.0.0]
	at java.base/jdk.internal.reflect.NativeConstructorAccessorImpl.newInstance0(Native Method) ~[?:?]
	at java.base/jdk.internal.reflect.NativeConstructorAccessorImpl.newInstance(NativeConstructorAccessorImpl.java:77) ~[?:?]
	at java.base/jdk.internal.reflect.DelegatingConstructorAccessorImpl.newInstance(DelegatingConstructorAccessorImpl.java:45) ~[?:?]
	at java.base/java.lang.reflect.Constructor.newInstanceWithCaller(Constructor.java:500) ~[?:?]
	at java.base/java.lang.reflect.Constructor.newInstance(Constructor.java:481) ~[?:?]
	at org.apache.jmeter.gui.util.MenuFactory.getGUIComponent(MenuFactory.java:215) ~[ApacheJMeter_core.jar:5.6.3]
	at org.apache.jmeter.gui.util.MenuFactory.initializeMenus(MenuFactory.java:159) ~[ApacheJMeter_core.jar:5.6.3]
	at org.apache.jmeter.gui.util.MenuFactory.<clinit>(MenuFactory.java:108) ~[ApacheJMeter_core.jar:5.6.3]
	at org.apache.jmeter.control.gui.TestPlanGui.createPopupMenu(TestPlanGui.java:109) ~[ApacheJMeter_core.jar:5.6.3]
	at org.apache.jmeter.gui.tree.JMeterTreeNode.createPopupMenu(JMeterTreeNode.java:184) ~[ApacheJMeter_core.jar:5.6.3]
	at org.apache.jmeter.gui.action.EditCommand.doAction(EditCommand.java:49) ~[ApacheJMeter_core.jar:5.6.3]
	at org.apache.jmeter.gui.action.ActionRouter.performAction(ActionRouter.java:83) ~[ApacheJMeter_core.jar:5.6.3]
	at org.apache.jmeter.gui.action.ActionRouter.lambda$actionPerformed$0(ActionRouter.java:65) ~[ApacheJMeter_core.jar:5.6.3]
	at java.desktop/java.awt.event.InvocationEvent.dispatch(InvocationEvent.java:318) [?:?]
	at java.desktop/java.awt.EventQueue.dispatchEventImpl(EventQueue.java:773) [?:?]
	at java.desktop/java.awt.EventQueue$4.run(EventQueue.java:720) [?:?]
	at java.desktop/java.awt.EventQueue$4.run(EventQueue.java:714) [?:?]
	at java.base/java.security.AccessController.doPrivileged(AccessController.java:399) ~[?:?]
	at java.base/java.security.ProtectionDomain$JavaSecurityAccessImpl.doIntersectionPrivilege(ProtectionDomain.java:86) ~[?:?]
	at java.desktop/java.awt.EventQueue.dispatchEvent(EventQueue.java:742) ~[?:?]
	at java.desktop/java.awt.EventDispatchThread.pumpOneEventForFilters(EventDispatchThread.java:203) ~[?:?]
	at java.desktop/java.awt.EventDispatchThread.pumpEventsForFilter(EventDispatchThread.java:124) ~[?:?]
	at java.desktop/java.awt.EventDispatchThread.pumpEventsForFilter(EventDispatchThread.java:117) ~[?:?]
	at java.desktop/java.awt.WaitDispatchSupport$2.run(WaitDispatchSupport.java:191) ~[?:?]
	at java.desktop/java.awt.WaitDispatchSupport$4.run(WaitDispatchSupport.java:236) ~[?:?]
	at java.desktop/java.awt.WaitDispatchSupport$4.run(WaitDispatchSupport.java:234) ~[?:?]
	at java.base/java.security.AccessController.doPrivileged(AccessController.java:318) [?:?]
	at java.desktop/java.awt.WaitDispatchSupport.enter(WaitDispatchSupport.java:234) ~[?:?]
	at java.desktop/java.awt.Dialog.show(Dialog.java:1080) ~[?:?]
	at java.desktop/java.awt.Component.show(Component.java:1728) ~[?:?]
	at java.desktop/java.awt.Component.setVisible(Component.java:1675) ~[?:?]
	at java.desktop/java.awt.Window.setVisible(Window.java:1036) ~[?:?]
	at java.desktop/java.awt.Dialog.setVisible(Dialog.java:1016) ~[?:?]
	at org.apache.jmeter.SplashScreen.lambda$showScreen$0(SplashScreen.java:95) ~[ApacheJMeter_core.jar:5.6.3]
	at java.desktop/java.awt.event.InvocationEvent.dispatch(InvocationEvent.java:318) ~[?:?]
	at java.desktop/java.awt.EventQueue.dispatchEventImpl(EventQueue.java:773) ~[?:?]
	at java.desktop/java.awt.EventQueue$4.run(EventQueue.java:720) ~[?:?]
	at java.desktop/java.awt.EventQueue$4.run(EventQueue.java:714) ~[?:?]
	at java.base/java.security.AccessController.doPrivileged(AccessController.java:399) [?:?]
	at java.base/java.security.ProtectionDomain$JavaSecurityAccessImpl.doIntersectionPrivilege(ProtectionDomain.java:86) [?:?]
	at java.desktop/java.awt.EventQueue.dispatchEvent(EventQueue.java:742) [?:?]
	at java.desktop/java.awt.EventDispatchThread.pumpOneEventForFilters(EventDispatchThread.java:203) [?:?]
	at java.desktop/java.awt.EventDispatchThread.pumpEventsForFilter(EventDispatchThread.java:124) [?:?]
	at java.desktop/java.awt.EventDispatchThread.pumpEventsForHierarchy(EventDispatchThread.java:113) [?:?]
	at java.desktop/java.awt.EventDispatchThread.pumpEvents(EventDispatchThread.java:109) [?:?]
	at java.desktop/java.awt.EventDispatchThread.pumpEvents(EventDispatchThread.java:101) [?:?]
	at java.desktop/java.awt.EventDispatchThread.run(EventDispatchThread.java:90) [?:?]
2025-04-29 23:49:50,401 WARN c.u.j.p.h.s.LM: This plugin is the sole property of SAS UBIK-INGENIERIE and subject to licensing, using it without explicit company authorization will expose you to lawsuits.
2025-04-29 23:49:50,402 INFO c.u.j.p.h.s.LM: Checking license at path : null 
2025-04-29 23:49:50,402 ERROR c.u.j.p.h.s.LM: License file is not readable or does not exists, you have setup:'/home/varun/jmeter-test/scripts/null', check path references an existing license file and that user running jmeter can access this file, or check property 'ULP.videostreaming.licensepath' in <jmeter_home>/bin/user.properties is correctly defined
2025-04-29 23:49:50,402 WARN o.a.j.g.u.MenuFactory: Configuration error, probably corrupt or missing third party library(jar)? Could not create class: com.ubikingenierie.jmeter.plugin.hls.gui.HLSSamplerGUI.
java.lang.NoClassDefFoundError: License cannot be checked, license file is not readable or does not exists, you have setup:'/home/varun/jmeter-test/scripts/null', check path references an existing license file and that user running jmeter can access this file or check property 'ULP.videostreaming.licensepath' in <jmeter_home>/bin/user.properties is correctly defined
	at com.ubikingenierie.jmeter.plugin.hls.sampler.LM.f(LM.java:362) ~[ubik-jmeter-videostreaming-plugin-10.0.0.jar:10.0.0]
	at com.ubikingenierie.jmeter.plugin.hls.gui.HLSSamplerGUI.<clinit>(HLSSamplerGUI.java:101) ~[ubik-jmeter-videostreaming-plugin-10.0.0.jar:10.0.0]
	at java.base/jdk.internal.reflect.NativeConstructorAccessorImpl.newInstance0(Native Method) ~[?:?]
	at java.base/jdk.internal.reflect.NativeConstructorAccessorImpl.newInstance(NativeConstructorAccessorImpl.java:77) ~[?:?]
	at java.base/jdk.internal.reflect.DelegatingConstructorAccessorImpl.newInstance(DelegatingConstructorAccessorImpl.java:45) ~[?:?]
	at java.base/java.lang.reflect.Constructor.newInstanceWithCaller(Constructor.java:500) ~[?:?]
	at java.base/java.lang.reflect.Constructor.newInstance(Constructor.java:481) ~[?:?]
	at org.apache.jmeter.gui.util.MenuFactory.getGUIComponent(MenuFactory.java:215) ~[ApacheJMeter_core.jar:5.6.3]
	at org.apache.jmeter.gui.util.MenuFactory.initializeMenus(MenuFactory.java:159) ~[ApacheJMeter_core.jar:5.6.3]
	at org.apache.jmeter.gui.util.MenuFactory.<clinit>(MenuFactory.java:108) ~[ApacheJMeter_core.jar:5.6.3]
	at org.apache.jmeter.control.gui.TestPlanGui.createPopupMenu(TestPlanGui.java:109) ~[ApacheJMeter_core.jar:5.6.3]
	at org.apache.jmeter.gui.tree.JMeterTreeNode.createPopupMenu(JMeterTreeNode.java:184) ~[ApacheJMeter_core.jar:5.6.3]
	at org.apache.jmeter.gui.action.EditCommand.doAction(EditCommand.java:49) ~[ApacheJMeter_core.jar:5.6.3]
	at org.apache.jmeter.gui.action.ActionRouter.performAction(ActionRouter.java:83) ~[ApacheJMeter_core.jar:5.6.3]
	at org.apache.jmeter.gui.action.ActionRouter.lambda$actionPerformed$0(ActionRouter.java:65) ~[ApacheJMeter_core.jar:5.6.3]
	at java.desktop/java.awt.event.InvocationEvent.dispatch(InvocationEvent.java:318) [?:?]
	at java.desktop/java.awt.EventQueue.dispatchEventImpl(EventQueue.java:773) [?:?]
	at java.desktop/java.awt.EventQueue$4.run(EventQueue.java:720) [?:?]
	at java.desktop/java.awt.EventQueue$4.run(EventQueue.java:714) [?:?]
	at java.base/java.security.AccessController.doPrivileged(AccessController.java:399) ~[?:?]
	at java.base/java.security.ProtectionDomain$JavaSecurityAccessImpl.doIntersectionPrivilege(ProtectionDomain.java:86) ~[?:?]
	at java.desktop/java.awt.EventQueue.dispatchEvent(EventQueue.java:742) ~[?:?]
	at java.desktop/java.awt.EventDispatchThread.pumpOneEventForFilters(EventDispatchThread.java:203) ~[?:?]
	at java.desktop/java.awt.EventDispatchThread.pumpEventsForFilter(EventDispatchThread.java:124) ~[?:?]
	at java.desktop/java.awt.EventDispatchThread.pumpEventsForFilter(EventDispatchThread.java:117) ~[?:?]
	at java.desktop/java.awt.WaitDispatchSupport$2.run(WaitDispatchSupport.java:191) ~[?:?]
	at java.desktop/java.awt.WaitDispatchSupport$4.run(WaitDispatchSupport.java:236) ~[?:?]
	at java.desktop/java.awt.WaitDispatchSupport$4.run(WaitDispatchSupport.java:234) ~[?:?]
	at java.base/java.security.AccessController.doPrivileged(AccessController.java:318) [?:?]
	at java.desktop/java.awt.WaitDispatchSupport.enter(WaitDispatchSupport.java:234) ~[?:?]
	at java.desktop/java.awt.Dialog.show(Dialog.java:1080) ~[?:?]
	at java.desktop/java.awt.Component.show(Component.java:1728) ~[?:?]
	at java.desktop/java.awt.Component.setVisible(Component.java:1675) ~[?:?]
	at java.desktop/java.awt.Window.setVisible(Window.java:1036) ~[?:?]
	at java.desktop/java.awt.Dialog.setVisible(Dialog.java:1016) ~[?:?]
	at org.apache.jmeter.SplashScreen.lambda$showScreen$0(SplashScreen.java:95) ~[ApacheJMeter_core.jar:5.6.3]
	at java.desktop/java.awt.event.InvocationEvent.dispatch(InvocationEvent.java:318) ~[?:?]
	at java.desktop/java.awt.EventQueue.dispatchEventImpl(EventQueue.java:773) ~[?:?]
	at java.desktop/java.awt.EventQueue$4.run(EventQueue.java:720) ~[?:?]
	at java.desktop/java.awt.EventQueue$4.run(EventQueue.java:714) ~[?:?]
	at java.base/java.security.AccessController.doPrivileged(AccessController.java:399) [?:?]
	at java.base/java.security.ProtectionDomain$JavaSecurityAccessImpl.doIntersectionPrivilege(ProtectionDomain.java:86) [?:?]
	at java.desktop/java.awt.EventQueue.dispatchEvent(EventQueue.java:742) [?:?]
	at java.desktop/java.awt.EventDispatchThread.pumpOneEventForFilters(EventDispatchThread.java:203) [?:?]
	at java.desktop/java.awt.EventDispatchThread.pumpEventsForFilter(EventDispatchThread.java:124) [?:?]
	at java.desktop/java.awt.EventDispatchThread.pumpEventsForHierarchy(EventDispatchThread.java:113) [?:?]
	at java.desktop/java.awt.EventDispatchThread.pumpEvents(EventDispatchThread.java:109) [?:?]
	at java.desktop/java.awt.EventDispatchThread.pumpEvents(EventDispatchThread.java:101) [?:?]
	at java.desktop/java.awt.EventDispatchThread.run(EventDispatchThread.java:90) [?:?]
2025-04-29 23:49:51,463 INFO o.j.r.PluginManager: Plugins Status: [bzm-hls=3.1, jpgc-plugins-manager=plugins-manager, ulp-jmeter-videostreaming-plugin=10.0.0, jmeter-core=5.6.3, jmeter-ftp=5.6.3, jmeter-http=5.6.3, jmeter-jdbc=5.6.3, jmeter-jms=5.6.3, jmeter-junit=5.6.3, jmeter-java=5.6.3, jmeter-ldap=5.6.3, jmeter-mail=5.6.3, jmeter-mongodb=5.6.3, jmeter-native=5.6.3, jmeter-tcp=5.6.3, jmeter-components=5.6.3]
2025-04-29 23:49:57,449 INFO o.a.j.s.FileServer: Default base='/home/varun/jmeter-test/scripts'
2025-04-29 23:49:57,452 INFO o.a.j.g.a.Load: Loading file: /home/varun/jmeter-test/test-plan/practice-test.jmx
2025-04-29 23:49:57,452 INFO o.a.j.s.FileServer: Set new base='/home/varun/jmeter-test/test-plan'
2025-04-29 23:49:57,453 INFO o.a.j.s.SaveService: Loading file: /home/varun/jmeter-test/test-plan/practice-test.jmx
2025-04-29 23:49:57,575 INFO o.a.j.p.h.s.HTTPSamplerBase: Parser for text/html is org.apache.jmeter.protocol.http.parser.LagartoBasedHtmlParser
2025-04-29 23:49:57,576 INFO o.a.j.p.h.s.HTTPSamplerBase: Parser for application/xhtml+xml is org.apache.jmeter.protocol.http.parser.LagartoBasedHtmlParser
2025-04-29 23:49:57,576 INFO o.a.j.p.h.s.HTTPSamplerBase: Parser for application/xml is org.apache.jmeter.protocol.http.parser.LagartoBasedHtmlParser
2025-04-29 23:49:57,576 INFO o.a.j.p.h.s.HTTPSamplerBase: Parser for text/xml is org.apache.jmeter.protocol.http.parser.LagartoBasedHtmlParser
2025-04-29 23:49:57,576 INFO o.a.j.p.h.s.HTTPSamplerBase: Parser for text/vnd.wap.wml is org.apache.jmeter.protocol.http.parser.RegexpHTMLParser
2025-04-29 23:49:57,576 INFO o.a.j.p.h.s.HTTPSamplerBase: Parser for text/css is org.apache.jmeter.protocol.http.parser.CssParser
2025-04-29 23:49:57,629 INFO o.a.j.p.h.s.HTTPHCAbstractImpl: Local host = Varun
2025-04-29 23:49:57,635 INFO o.a.j.p.h.s.HTTPHC4Impl: HTTP request retry count = 0
2025-04-29 23:49:57,847 INFO o.a.j.s.SampleResult: Note: Sample TimeStamps are START times
2025-04-29 23:49:57,847 INFO o.a.j.s.SampleResult: sampleresult.default.encoding is set to UTF-8
2025-04-29 23:49:57,847 INFO o.a.j.s.SampleResult: sampleresult.useNanoTime=true
2025-04-29 23:49:57,848 INFO o.a.j.s.SampleResult: sampleresult.nanoThreadSleep=5000
2025-04-29 23:49:57,957 INFO o.a.j.r.ClassFinder: Will scan jar /home/varun/jmeter/lib/ext/jmeter-plugins-manager.jar with filter ExtendsClassFilter [parents=[interface org.apache.jmeter.visualizers.ResultRenderer], inner=false, contains=null, notContains=null]. Consider exposing JMeter plugins via META-INF/services, and add JMeter-Skip-Class-Scanning=true manifest attribute so JMeter can skip classfile scanning
2025-04-29 23:49:57,959 INFO o.a.j.r.ClassFinder: Will scan jar /home/varun/jmeter/lib/ext/jmeter-bzm-hls-3.1.jar with filter ExtendsClassFilter [parents=[interface org.apache.jmeter.visualizers.ResultRenderer], inner=false, contains=null, notContains=null]. Consider exposing JMeter plugins via META-INF/services, and add JMeter-Skip-Class-Scanning=true manifest attribute so JMeter can skip classfile scanning
2025-04-29 23:49:57,960 WARN o.a.j.r.ClassFinder: Can not open the jar /home/varun/jmeter/lib/ext/bzm-video.jar, message: zip file is empty
java.util.zip.ZipException: zip file is empty
	at java.base/java.util.zip.ZipFile$Source.zerror(ZipFile.java:1769) ~[?:?]
	at java.base/java.util.zip.ZipFile$Source.findEND(ZipFile.java:1550) ~[?:?]
	at java.base/java.util.zip.ZipFile$Source.initCEN(ZipFile.java:1645) ~[?:?]
	at java.base/java.util.zip.ZipFile$Source.<init>(ZipFile.java:1483) ~[?:?]
	at java.base/java.util.zip.ZipFile$Source.get(ZipFile.java:1445) ~[?:?]
	at java.base/java.util.zip.ZipFile$CleanableResource.<init>(ZipFile.java:717) ~[?:?]
	at java.base/java.util.zip.ZipFile.<init>(ZipFile.java:251) ~[?:?]
	at java.base/java.util.zip.ZipFile.<init>(ZipFile.java:180) ~[?:?]
	at java.base/java.util.jar.JarFile.<init>(JarFile.java:346) ~[?:?]
	at java.base/java.util.jar.JarFile.<init>(JarFile.java:317) ~[?:?]
	at java.base/java.util.jar.JarFile.<init>(JarFile.java:283) ~[?:?]
	at org.apache.jorphan.reflect.ClassFinder.findClassesInOnePath(ClassFinder.java:478) ~[jorphan.jar:5.6.3]
	at org.apache.jorphan.reflect.ClassFinder.findClasses(ClassFinder.java:443) ~[jorphan.jar:5.6.3]
	at org.apache.jorphan.reflect.ClassFinder.findClassesThatExtend(ClassFinder.java:413) ~[jorphan.jar:5.6.3]
	at org.apache.jorphan.reflect.ClassFinder.findClassesThatExtend(ClassFinder.java:336) ~[jorphan.jar:5.6.3]
	at org.apache.jorphan.reflect.ClassFinder.findClassesThatExtend(ClassFinder.java:315) ~[jorphan.jar:5.6.3]
	at org.apache.jmeter.util.JMeterUtils.findClassesThatExtend(JMeterUtils.java:402) ~[ApacheJMeter_core.jar:5.6.3]
	at org.apache.jmeter.util.JMeterUtils.loadServicesAndScanJars(JMeterUtils.java:349) ~[ApacheJMeter_core.jar:5.6.3]
	at org.apache.jmeter.visualizers.ViewResultsFullVisualizer.createComboRender(ViewResultsFullVisualizer.java:464) ~[ApacheJMeter_components.jar:5.6.3]
	at org.apache.jmeter.visualizers.ViewResultsFullVisualizer.createLeftPanel(ViewResultsFullVisualizer.java:438) ~[ApacheJMeter_components.jar:5.6.3]
	at org.apache.jmeter.visualizers.ViewResultsFullVisualizer.init(ViewResultsFullVisualizer.java:349) ~[ApacheJMeter_components.jar:5.6.3]
	at org.apache.jmeter.visualizers.ViewResultsFullVisualizer.<init>(ViewResultsFullVisualizer.java:156) ~[ApacheJMeter_components.jar:5.6.3]
	at java.base/jdk.internal.reflect.NativeConstructorAccessorImpl.newInstance0(Native Method) ~[?:?]
	at java.base/jdk.internal.reflect.NativeConstructorAccessorImpl.newInstance(NativeConstructorAccessorImpl.java:77) ~[?:?]
	at java.base/jdk.internal.reflect.DelegatingConstructorAccessorImpl.newInstance(DelegatingConstructorAccessorImpl.java:45) ~[?:?]
	at java.base/java.lang.reflect.Constructor.newInstanceWithCaller(Constructor.java:500) ~[?:?]
	at java.base/java.lang.reflect.Constructor.newInstance(Constructor.java:481) ~[?:?]
	at org.apache.jmeter.gui.GuiPackage.getGuiFromCache(GuiPackage.java:424) ~[ApacheJMeter_core.jar:5.6.3]
	at org.apache.jmeter.gui.GuiPackage.getGui(GuiPackage.java:267) ~[ApacheJMeter_core.jar:5.6.3]
	at org.apache.jmeter.gui.GuiPackage.getGui(GuiPackage.java:238) ~[ApacheJMeter_core.jar:5.6.3]
	at org.apache.jmeter.gui.tree.JMeterTreeModel.addComponent(JMeterTreeModel.java:160) ~[ApacheJMeter_core.jar:5.6.3]
	at org.apache.jmeter.gui.tree.JMeterTreeModel.addSubTree(JMeterTreeModel.java:131) ~[ApacheJMeter_core.jar:5.6.3]
	at org.apache.jmeter.gui.tree.JMeterTreeModel.addSubTree(JMeterTreeModel.java:131) ~[ApacheJMeter_core.jar:5.6.3]
	at org.apache.jmeter.gui.tree.JMeterTreeModel.addSubTree(JMeterTreeModel.java:123) ~[ApacheJMeter_core.jar:5.6.3]
	at org.apache.jmeter.gui.GuiPackage.addSubTree(GuiPackage.java:555) ~[ApacheJMeter_core.jar:5.6.3]
	at org.apache.jmeter.gui.action.Load.insertLoadedTree(Load.java:201) ~[ApacheJMeter_core.jar:5.6.3]
	at org.apache.jmeter.gui.action.Load.loadProjectFile(Load.java:132) ~[ApacheJMeter_core.jar:5.6.3]
	at org.apache.jmeter.gui.action.Load.loadProjectFile(Load.java:103) ~[ApacheJMeter_core.jar:5.6.3]
	at org.apache.jmeter.gui.action.LoadRecentProject.doActionAfterCheck(LoadRecentProject.java:74) ~[ApacheJMeter_core.jar:5.6.3]
	at org.apache.jmeter.gui.action.AbstractActionWithNoRunningTest.doAction(AbstractActionWithNoRunningTest.java:44) ~[ApacheJMeter_core.jar:5.6.3]
	at org.apache.jmeter.gui.action.ActionRouter.performAction(ActionRouter.java:83) ~[ApacheJMeter_core.jar:5.6.3]
	at org.apache.jmeter.gui.action.ActionRouter.lambda$actionPerformed$0(ActionRouter.java:65) ~[ApacheJMeter_core.jar:5.6.3]
	at java.desktop/java.awt.event.InvocationEvent.dispatch(InvocationEvent.java:318) ~[?:?]
	at java.desktop/java.awt.EventQueue.dispatchEventImpl(EventQueue.java:773) ~[?:?]
	at java.desktop/java.awt.EventQueue$4.run(EventQueue.java:720) ~[?:?]
	at java.desktop/java.awt.EventQueue$4.run(EventQueue.java:714) ~[?:?]
	at java.base/java.security.AccessController.doPrivileged(AccessController.java:399) [?:?]
	at java.base/java.security.ProtectionDomain$JavaSecurityAccessImpl.doIntersectionPrivilege(ProtectionDomain.java:86) [?:?]
	at java.desktop/java.awt.EventQueue.dispatchEvent(EventQueue.java:742) [?:?]
	at java.desktop/java.awt.EventDispatchThread.pumpOneEventForFilters(EventDispatchThread.java:203) [?:?]
	at java.desktop/java.awt.EventDispatchThread.pumpEventsForFilter(EventDispatchThread.java:124) [?:?]
	at java.desktop/java.awt.EventDispatchThread.pumpEventsForHierarchy(EventDispatchThread.java:113) [?:?]
	at java.desktop/java.awt.EventDispatchThread.pumpEvents(EventDispatchThread.java:109) [?:?]
	at java.desktop/java.awt.EventDispatchThread.pumpEvents(EventDispatchThread.java:101) [?:?]
	at java.desktop/java.awt.EventDispatchThread.run(EventDispatchThread.java:90) [?:?]
2025-04-29 23:49:57,961 WARN o.a.j.r.ClassFinder: Can not open the jar /home/varun/jmeter/lib/ext/bzm-video.jar, message: zip file is empty
java.util.zip.ZipException: zip file is empty
	at java.base/java.util.zip.ZipFile$Source.zerror(ZipFile.java:1769) ~[?:?]
	at java.base/java.util.zip.ZipFile$Source.findEND(ZipFile.java:1550) ~[?:?]
	at java.base/java.util.zip.ZipFile$Source.initCEN(ZipFile.java:1645) ~[?:?]
	at java.base/java.util.zip.ZipFile$Source.<init>(ZipFile.java:1483) ~[?:?]
	at java.base/java.util.zip.ZipFile$Source.get(ZipFile.java:1445) ~[?:?]
	at java.base/java.util.zip.ZipFile$CleanableResource.<init>(ZipFile.java:717) ~[?:?]
	at java.base/java.util.zip.ZipFile.<init>(ZipFile.java:251) ~[?:?]
	at java.base/java.util.zip.ZipFile.<init>(ZipFile.java:180) ~[?:?]
	at java.base/java.util.zip.ZipFile.<init>(ZipFile.java:194) ~[?:?]
	at org.apache.jorphan.reflect.ClassFinder.findClassesInOnePath(ClassFinder.java:496) ~[jorphan.jar:5.6.3]
	at org.apache.jorphan.reflect.ClassFinder.findClasses(ClassFinder.java:443) ~[jorphan.jar:5.6.3]
	at org.apache.jorphan.reflect.ClassFinder.findClassesThatExtend(ClassFinder.java:413) ~[jorphan.jar:5.6.3]
	at org.apache.jorphan.reflect.ClassFinder.findClassesThatExtend(ClassFinder.java:336) ~[jorphan.jar:5.6.3]
	at org.apache.jorphan.reflect.ClassFinder.findClassesThatExtend(ClassFinder.java:315) ~[jorphan.jar:5.6.3]
	at org.apache.jmeter.util.JMeterUtils.findClassesThatExtend(JMeterUtils.java:402) ~[ApacheJMeter_core.jar:5.6.3]
	at org.apache.jmeter.util.JMeterUtils.loadServicesAndScanJars(JMeterUtils.java:349) ~[ApacheJMeter_core.jar:5.6.3]
	at org.apache.jmeter.visualizers.ViewResultsFullVisualizer.createComboRender(ViewResultsFullVisualizer.java:464) ~[ApacheJMeter_components.jar:5.6.3]
	at org.apache.jmeter.visualizers.ViewResultsFullVisualizer.createLeftPanel(ViewResultsFullVisualizer.java:438) ~[ApacheJMeter_components.jar:5.6.3]
	at org.apache.jmeter.visualizers.ViewResultsFullVisualizer.init(ViewResultsFullVisualizer.java:349) ~[ApacheJMeter_components.jar:5.6.3]
	at org.apache.jmeter.visualizers.ViewResultsFullVisualizer.<init>(ViewResultsFullVisualizer.java:156) ~[ApacheJMeter_components.jar:5.6.3]
	at java.base/jdk.internal.reflect.NativeConstructorAccessorImpl.newInstance0(Native Method) ~[?:?]
	at java.base/jdk.internal.reflect.NativeConstructorAccessorImpl.newInstance(NativeConstructorAccessorImpl.java:77) ~[?:?]
	at java.base/jdk.internal.reflect.DelegatingConstructorAccessorImpl.newInstance(DelegatingConstructorAccessorImpl.java:45) ~[?:?]
	at java.base/java.lang.reflect.Constructor.newInstanceWithCaller(Constructor.java:500) ~[?:?]
	at java.base/java.lang.reflect.Constructor.newInstance(Constructor.java:481) ~[?:?]
	at org.apache.jmeter.gui.GuiPackage.getGuiFromCache(GuiPackage.java:424) ~[ApacheJMeter_core.jar:5.6.3]
	at org.apache.jmeter.gui.GuiPackage.getGui(GuiPackage.java:267) ~[ApacheJMeter_core.jar:5.6.3]
	at org.apache.jmeter.gui.GuiPackage.getGui(GuiPackage.java:238) ~[ApacheJMeter_core.jar:5.6.3]
	at org.apache.jmeter.gui.tree.JMeterTreeModel.addComponent(JMeterTreeModel.java:160) ~[ApacheJMeter_core.jar:5.6.3]
	at org.apache.jmeter.gui.tree.JMeterTreeModel.addSubTree(JMeterTreeModel.java:131) ~[ApacheJMeter_core.jar:5.6.3]
	at org.apache.jmeter.gui.tree.JMeterTreeModel.addSubTree(JMeterTreeModel.java:131) ~[ApacheJMeter_core.jar:5.6.3]
	at org.apache.jmeter.gui.tree.JMeterTreeModel.addSubTree(JMeterTreeModel.java:123) ~[ApacheJMeter_core.jar:5.6.3]
	at org.apache.jmeter.gui.GuiPackage.addSubTree(GuiPackage.java:555) ~[ApacheJMeter_core.jar:5.6.3]
	at org.apache.jmeter.gui.action.Load.insertLoadedTree(Load.java:201) ~[ApacheJMeter_core.jar:5.6.3]
	at org.apache.jmeter.gui.action.Load.loadProjectFile(Load.java:132) ~[ApacheJMeter_core.jar:5.6.3]
	at org.apache.jmeter.gui.action.Load.loadProjectFile(Load.java:103) ~[ApacheJMeter_core.jar:5.6.3]
	at org.apache.jmeter.gui.action.LoadRecentProject.doActionAfterCheck(LoadRecentProject.java:74) ~[ApacheJMeter_core.jar:5.6.3]
	at org.apache.jmeter.gui.action.AbstractActionWithNoRunningTest.doAction(AbstractActionWithNoRunningTest.java:44) ~[ApacheJMeter_core.jar:5.6.3]
	at org.apache.jmeter.gui.action.ActionRouter.performAction(ActionRouter.java:83) ~[ApacheJMeter_core.jar:5.6.3]
	at org.apache.jmeter.gui.action.ActionRouter.lambda$actionPerformed$0(ActionRouter.java:65) ~[ApacheJMeter_core.jar:5.6.3]
	at java.desktop/java.awt.event.InvocationEvent.dispatch(InvocationEvent.java:318) ~[?:?]
	at java.desktop/java.awt.EventQueue.dispatchEventImpl(EventQueue.java:773) ~[?:?]
	at java.desktop/java.awt.EventQueue$4.run(EventQueue.java:720) ~[?:?]
	at java.desktop/java.awt.EventQueue$4.run(EventQueue.java:714) ~[?:?]
	at java.base/java.security.AccessController.doPrivileged(AccessController.java:399) [?:?]
	at java.base/java.security.ProtectionDomain$JavaSecurityAccessImpl.doIntersectionPrivilege(ProtectionDomain.java:86) [?:?]
	at java.desktop/java.awt.EventQueue.dispatchEvent(EventQueue.java:742) [?:?]
	at java.desktop/java.awt.EventDispatchThread.pumpOneEventForFilters(EventDispatchThread.java:203) [?:?]
	at java.desktop/java.awt.EventDispatchThread.pumpEventsForFilter(EventDispatchThread.java:124) [?:?]
	at java.desktop/java.awt.EventDispatchThread.pumpEventsForHierarchy(EventDispatchThread.java:113) [?:?]
	at java.desktop/java.awt.EventDispatchThread.pumpEvents(EventDispatchThread.java:109) [?:?]
	at java.desktop/java.awt.EventDispatchThread.pumpEvents(EventDispatchThread.java:101) [?:?]
	at java.desktop/java.awt.EventDispatchThread.run(EventDispatchThread.java:90) [?:?]
2025-04-29 23:49:57,962 INFO o.a.j.r.ClassFinder: Will scan jar /home/varun/jmeter/lib/ext/ubik-jmeter-videostreaming-plugin-10.0.0.jar with filter ExtendsClassFilter [parents=[interface org.apache.jmeter.visualizers.ResultRenderer], inner=false, contains=null, notContains=null]. Consider exposing JMeter plugins via META-INF/services, and add JMeter-Skip-Class-Scanning=true manifest attribute so JMeter can skip classfile scanning
2025-04-29 23:49:57,995 INFO o.a.j.r.ClassFinder: Will scan jar /home/varun/jmeter/lib/ext/jmeter-plugins-manager.jar with filter ExtendsClassFilter [parents=[interface org.apache.jmeter.visualizers.RequestView], inner=false, contains=null, notContains=null]. Consider exposing JMeter plugins via META-INF/services, and add JMeter-Skip-Class-Scanning=true manifest attribute so JMeter can skip classfile scanning
2025-04-29 23:49:57,999 INFO o.a.j.r.ClassFinder: Will scan jar /home/varun/jmeter/lib/ext/jmeter-bzm-hls-3.1.jar with filter ExtendsClassFilter [parents=[interface org.apache.jmeter.visualizers.RequestView], inner=false, contains=null, notContains=null]. Consider exposing JMeter plugins via META-INF/services, and add JMeter-Skip-Class-Scanning=true manifest attribute so JMeter can skip classfile scanning
2025-04-29 23:49:58,000 WARN o.a.j.r.ClassFinder: Can not open the jar /home/varun/jmeter/lib/ext/bzm-video.jar, message: zip file is empty
java.util.zip.ZipException: zip file is empty
	at java.base/java.util.zip.ZipFile$Source.zerror(ZipFile.java:1769) ~[?:?]
	at java.base/java.util.zip.ZipFile$Source.findEND(ZipFile.java:1550) ~[?:?]
	at java.base/java.util.zip.ZipFile$Source.initCEN(ZipFile.java:1645) ~[?:?]
	at java.base/java.util.zip.ZipFile$Source.<init>(ZipFile.java:1483) ~[?:?]
	at java.base/java.util.zip.ZipFile$Source.get(ZipFile.java:1445) ~[?:?]
	at java.base/java.util.zip.ZipFile$CleanableResource.<init>(ZipFile.java:717) ~[?:?]
	at java.base/java.util.zip.ZipFile.<init>(ZipFile.java:251) ~[?:?]
	at java.base/java.util.zip.ZipFile.<init>(ZipFile.java:180) ~[?:?]
	at java.base/java.util.jar.JarFile.<init>(JarFile.java:346) ~[?:?]
	at java.base/java.util.jar.JarFile.<init>(JarFile.java:317) ~[?:?]
	at java.base/java.util.jar.JarFile.<init>(JarFile.java:283) ~[?:?]
	at org.apache.jorphan.reflect.ClassFinder.findClassesInOnePath(ClassFinder.java:478) ~[jorphan.jar:5.6.3]
	at org.apache.jorphan.reflect.ClassFinder.findClasses(ClassFinder.java:443) ~[jorphan.jar:5.6.3]
	at org.apache.jorphan.reflect.ClassFinder.findClassesThatExtend(ClassFinder.java:413) ~[jorphan.jar:5.6.3]
	at org.apache.jorphan.reflect.ClassFinder.findClassesThatExtend(ClassFinder.java:336) ~[jorphan.jar:5.6.3]
	at org.apache.jorphan.reflect.ClassFinder.findClassesThatExtend(ClassFinder.java:315) ~[jorphan.jar:5.6.3]
	at org.apache.jmeter.util.JMeterUtils.findClassesThatExtend(JMeterUtils.java:402) ~[ApacheJMeter_core.jar:5.6.3]
	at org.apache.jmeter.util.JMeterUtils.loadServicesAndScanJars(JMeterUtils.java:349) ~[ApacheJMeter_core.jar:5.6.3]
	at org.apache.jmeter.visualizers.RequestPanel.<init>(RequestPanel.java:56) ~[ApacheJMeter_components.jar:5.6.3]
	at org.apache.jmeter.visualizers.SamplerResultTab.init(SamplerResultTab.java:241) ~[ApacheJMeter_components.jar:5.6.3]
	at org.apache.jmeter.visualizers.ViewResultsFullVisualizer.init(ViewResultsFullVisualizer.java:367) ~[ApacheJMeter_components.jar:5.6.3]
	at org.apache.jmeter.visualizers.ViewResultsFullVisualizer.<init>(ViewResultsFullVisualizer.java:156) ~[ApacheJMeter_components.jar:5.6.3]
	at java.base/jdk.internal.reflect.NativeConstructorAccessorImpl.newInstance0(Native Method) ~[?:?]
	at java.base/jdk.internal.reflect.NativeConstructorAccessorImpl.newInstance(NativeConstructorAccessorImpl.java:77) ~[?:?]
	at java.base/jdk.internal.reflect.DelegatingConstructorAccessorImpl.newInstance(DelegatingConstructorAccessorImpl.java:45) ~[?:?]
	at java.base/java.lang.reflect.Constructor.newInstanceWithCaller(Constructor.java:500) ~[?:?]
	at java.base/java.lang.reflect.Constructor.newInstance(Constructor.java:481) ~[?:?]
	at org.apache.jmeter.gui.GuiPackage.getGuiFromCache(GuiPackage.java:424) ~[ApacheJMeter_core.jar:5.6.3]
	at org.apache.jmeter.gui.GuiPackage.getGui(GuiPackage.java:267) ~[ApacheJMeter_core.jar:5.6.3]
	at org.apache.jmeter.gui.GuiPackage.getGui(GuiPackage.java:238) ~[ApacheJMeter_core.jar:5.6.3]
	at org.apache.jmeter.gui.tree.JMeterTreeModel.addComponent(JMeterTreeModel.java:160) ~[ApacheJMeter_core.jar:5.6.3]
	at org.apache.jmeter.gui.tree.JMeterTreeModel.addSubTree(JMeterTreeModel.java:131) ~[ApacheJMeter_core.jar:5.6.3]
	at org.apache.jmeter.gui.tree.JMeterTreeModel.addSubTree(JMeterTreeModel.java:131) ~[ApacheJMeter_core.jar:5.6.3]
	at org.apache.jmeter.gui.tree.JMeterTreeModel.addSubTree(JMeterTreeModel.java:123) ~[ApacheJMeter_core.jar:5.6.3]
	at org.apache.jmeter.gui.GuiPackage.addSubTree(GuiPackage.java:555) ~[ApacheJMeter_core.jar:5.6.3]
	at org.apache.jmeter.gui.action.Load.insertLoadedTree(Load.java:201) ~[ApacheJMeter_core.jar:5.6.3]
	at org.apache.jmeter.gui.action.Load.loadProjectFile(Load.java:132) ~[ApacheJMeter_core.jar:5.6.3]
	at org.apache.jmeter.gui.action.Load.loadProjectFile(Load.java:103) ~[ApacheJMeter_core.jar:5.6.3]
	at org.apache.jmeter.gui.action.LoadRecentProject.doActionAfterCheck(LoadRecentProject.java:74) ~[ApacheJMeter_core.jar:5.6.3]
	at org.apache.jmeter.gui.action.AbstractActionWithNoRunningTest.doAction(AbstractActionWithNoRunningTest.java:44) ~[ApacheJMeter_core.jar:5.6.3]
	at org.apache.jmeter.gui.action.ActionRouter.performAction(ActionRouter.java:83) ~[ApacheJMeter_core.jar:5.6.3]
	at org.apache.jmeter.gui.action.ActionRouter.lambda$actionPerformed$0(ActionRouter.java:65) ~[ApacheJMeter_core.jar:5.6.3]
	at java.desktop/java.awt.event.InvocationEvent.dispatch(InvocationEvent.java:318) ~[?:?]
	at java.desktop/java.awt.EventQueue.dispatchEventImpl(EventQueue.java:773) ~[?:?]
	at java.desktop/java.awt.EventQueue$4.run(EventQueue.java:720) ~[?:?]
	at java.desktop/java.awt.EventQueue$4.run(EventQueue.java:714) ~[?:?]
	at java.base/java.security.AccessController.doPrivileged(AccessController.java:399) [?:?]
	at java.base/java.security.ProtectionDomain$JavaSecurityAccessImpl.doIntersectionPrivilege(ProtectionDomain.java:86) [?:?]
	at java.desktop/java.awt.EventQueue.dispatchEvent(EventQueue.java:742) [?:?]
	at java.desktop/java.awt.EventDispatchThread.pumpOneEventForFilters(EventDispatchThread.java:203) [?:?]
	at java.desktop/java.awt.EventDispatchThread.pumpEventsForFilter(EventDispatchThread.java:124) [?:?]
	at java.desktop/java.awt.EventDispatchThread.pumpEventsForHierarchy(EventDispatchThread.java:113) [?:?]
	at java.desktop/java.awt.EventDispatchThread.pumpEvents(EventDispatchThread.java:109) [?:?]
	at java.desktop/java.awt.EventDispatchThread.pumpEvents(EventDispatchThread.java:101) [?:?]
	at java.desktop/java.awt.EventDispatchThread.run(EventDispatchThread.java:90) [?:?]
2025-04-29 23:49:58,000 WARN o.a.j.r.ClassFinder: Can not open the jar /home/varun/jmeter/lib/ext/bzm-video.jar, message: zip file is empty
java.util.zip.ZipException: zip file is empty
	at java.base/java.util.zip.ZipFile$Source.zerror(ZipFile.java:1769) ~[?:?]
	at java.base/java.util.zip.ZipFile$Source.findEND(ZipFile.java:1550) ~[?:?]
	at java.base/java.util.zip.ZipFile$Source.initCEN(ZipFile.java:1645) ~[?:?]
	at java.base/java.util.zip.ZipFile$Source.<init>(ZipFile.java:1483) ~[?:?]
	at java.base/java.util.zip.ZipFile$Source.get(ZipFile.java:1445) ~[?:?]
	at java.base/java.util.zip.ZipFile$CleanableResource.<init>(ZipFile.java:717) ~[?:?]
	at java.base/java.util.zip.ZipFile.<init>(ZipFile.java:251) ~[?:?]
	at java.base/java.util.zip.ZipFile.<init>(ZipFile.java:180) ~[?:?]
	at java.base/java.util.zip.ZipFile.<init>(ZipFile.java:194) ~[?:?]
	at org.apache.jorphan.reflect.ClassFinder.findClassesInOnePath(ClassFinder.java:496) ~[jorphan.jar:5.6.3]
	at org.apache.jorphan.reflect.ClassFinder.findClasses(ClassFinder.java:443) ~[jorphan.jar:5.6.3]
	at org.apache.jorphan.reflect.ClassFinder.findClassesThatExtend(ClassFinder.java:413) ~[jorphan.jar:5.6.3]
	at org.apache.jorphan.reflect.ClassFinder.findClassesThatExtend(ClassFinder.java:336) ~[jorphan.jar:5.6.3]
	at org.apache.jorphan.reflect.ClassFinder.findClassesThatExtend(ClassFinder.java:315) ~[jorphan.jar:5.6.3]
	at org.apache.jmeter.util.JMeterUtils.findClassesThatExtend(JMeterUtils.java:402) ~[ApacheJMeter_core.jar:5.6.3]
	at org.apache.jmeter.util.JMeterUtils.loadServicesAndScanJars(JMeterUtils.java:349) ~[ApacheJMeter_core.jar:5.6.3]
	at org.apache.jmeter.visualizers.RequestPanel.<init>(RequestPanel.java:56) ~[ApacheJMeter_components.jar:5.6.3]
	at org.apache.jmeter.visualizers.SamplerResultTab.init(SamplerResultTab.java:241) ~[ApacheJMeter_components.jar:5.6.3]
	at org.apache.jmeter.visualizers.ViewResultsFullVisualizer.init(ViewResultsFullVisualizer.java:367) ~[ApacheJMeter_components.jar:5.6.3]
	at org.apache.jmeter.visualizers.ViewResultsFullVisualizer.<init>(ViewResultsFullVisualizer.java:156) ~[ApacheJMeter_components.jar:5.6.3]
	at java.base/jdk.internal.reflect.NativeConstructorAccessorImpl.newInstance0(Native Method) ~[?:?]
	at java.base/jdk.internal.reflect.NativeConstructorAccessorImpl.newInstance(NativeConstructorAccessorImpl.java:77) ~[?:?]
	at java.base/jdk.internal.reflect.DelegatingConstructorAccessorImpl.newInstance(DelegatingConstructorAccessorImpl.java:45) ~[?:?]
	at java.base/java.lang.reflect.Constructor.newInstanceWithCaller(Constructor.java:500) ~[?:?]
	at java.base/java.lang.reflect.Constructor.newInstance(Constructor.java:481) ~[?:?]
	at org.apache.jmeter.gui.GuiPackage.getGuiFromCache(GuiPackage.java:424) ~[ApacheJMeter_core.jar:5.6.3]
	at org.apache.jmeter.gui.GuiPackage.getGui(GuiPackage.java:267) ~[ApacheJMeter_core.jar:5.6.3]
	at org.apache.jmeter.gui.GuiPackage.getGui(GuiPackage.java:238) ~[ApacheJMeter_core.jar:5.6.3]
	at org.apache.jmeter.gui.tree.JMeterTreeModel.addComponent(JMeterTreeModel.java:160) ~[ApacheJMeter_core.jar:5.6.3]
	at org.apache.jmeter.gui.tree.JMeterTreeModel.addSubTree(JMeterTreeModel.java:131) ~[ApacheJMeter_core.jar:5.6.3]
	at org.apache.jmeter.gui.tree.JMeterTreeModel.addSubTree(JMeterTreeModel.java:131) ~[ApacheJMeter_core.jar:5.6.3]
	at org.apache.jmeter.gui.tree.JMeterTreeModel.addSubTree(JMeterTreeModel.java:123) ~[ApacheJMeter_core.jar:5.6.3]
	at org.apache.jmeter.gui.GuiPackage.addSubTree(GuiPackage.java:555) ~[ApacheJMeter_core.jar:5.6.3]
	at org.apache.jmeter.gui.action.Load.insertLoadedTree(Load.java:201) ~[ApacheJMeter_core.jar:5.6.3]
	at org.apache.jmeter.gui.action.Load.loadProjectFile(Load.java:132) ~[ApacheJMeter_core.jar:5.6.3]
	at org.apache.jmeter.gui.action.Load.loadProjectFile(Load.java:103) ~[ApacheJMeter_core.jar:5.6.3]
	at org.apache.jmeter.gui.action.LoadRecentProject.doActionAfterCheck(LoadRecentProject.java:74) ~[ApacheJMeter_core.jar:5.6.3]
	at org.apache.jmeter.gui.action.AbstractActionWithNoRunningTest.doAction(AbstractActionWithNoRunningTest.java:44) ~[ApacheJMeter_core.jar:5.6.3]
	at org.apache.jmeter.gui.action.ActionRouter.performAction(ActionRouter.java:83) ~[ApacheJMeter_core.jar:5.6.3]
	at org.apache.jmeter.gui.action.ActionRouter.lambda$actionPerformed$0(ActionRouter.java:65) ~[ApacheJMeter_core.jar:5.6.3]
	at java.desktop/java.awt.event.InvocationEvent.dispatch(InvocationEvent.java:318) ~[?:?]
	at java.desktop/java.awt.EventQueue.dispatchEventImpl(EventQueue.java:773) ~[?:?]
	at java.desktop/java.awt.EventQueue$4.run(EventQueue.java:720) ~[?:?]
	at java.desktop/java.awt.EventQueue$4.run(EventQueue.java:714) ~[?:?]
	at java.base/java.security.AccessController.doPrivileged(AccessController.java:399) [?:?]
	at java.base/java.security.ProtectionDomain$JavaSecurityAccessImpl.doIntersectionPrivilege(ProtectionDomain.java:86) [?:?]
	at java.desktop/java.awt.EventQueue.dispatchEvent(EventQueue.java:742) [?:?]
	at java.desktop/java.awt.EventDispatchThread.pumpOneEventForFilters(EventDispatchThread.java:203) [?:?]
	at java.desktop/java.awt.EventDispatchThread.pumpEventsForFilter(EventDispatchThread.java:124) [?:?]
	at java.desktop/java.awt.EventDispatchThread.pumpEventsForHierarchy(EventDispatchThread.java:113) [?:?]
	at java.desktop/java.awt.EventDispatchThread.pumpEvents(EventDispatchThread.java:109) [?:?]
	at java.desktop/java.awt.EventDispatchThread.pumpEvents(EventDispatchThread.java:101) [?:?]
	at java.desktop/java.awt.EventDispatchThread.run(EventDispatchThread.java:90) [?:?]
2025-04-29 23:49:58,001 INFO o.a.j.r.ClassFinder: Will scan jar /home/varun/jmeter/lib/ext/ubik-jmeter-videostreaming-plugin-10.0.0.jar with filter ExtendsClassFilter [parents=[interface org.apache.jmeter.visualizers.RequestView], inner=false, contains=null, notContains=null]. Consider exposing JMeter plugins via META-INF/services, and add JMeter-Skip-Class-Scanning=true manifest attribute so JMeter can skip classfile scanning
2025-04-29 23:49:58,078 INFO o.a.j.r.ClassFinder: Will scan jar /home/varun/jmeter/lib/ext/jmeter-plugins-manager.jar with filter ExtendsClassFilter [parents=[interface org.apache.jmeter.visualizers.ResultRenderer], inner=false, contains=null, notContains=null]. Consider exposing JMeter plugins via META-INF/services, and add JMeter-Skip-Class-Scanning=true manifest attribute so JMeter can skip classfile scanning
2025-04-29 23:49:58,082 INFO o.a.j.r.ClassFinder: Will scan jar /home/varun/jmeter/lib/ext/jmeter-bzm-hls-3.1.jar with filter ExtendsClassFilter [parents=[interface org.apache.jmeter.visualizers.ResultRenderer], inner=false, contains=null, notContains=null]. Consider exposing JMeter plugins via META-INF/services, and add JMeter-Skip-Class-Scanning=true manifest attribute so JMeter can skip classfile scanning
2025-04-29 23:49:58,083 WARN o.a.j.r.ClassFinder: Can not open the jar /home/varun/jmeter/lib/ext/bzm-video.jar, message: zip file is empty
java.util.zip.ZipException: zip file is empty
	at java.base/java.util.zip.ZipFile$Source.zerror(ZipFile.java:1769) ~[?:?]
	at java.base/java.util.zip.ZipFile$Source.findEND(ZipFile.java:1550) ~[?:?]
	at java.base/java.util.zip.ZipFile$Source.initCEN(ZipFile.java:1645) ~[?:?]
	at java.base/java.util.zip.ZipFile$Source.<init>(ZipFile.java:1483) ~[?:?]
	at java.base/java.util.zip.ZipFile$Source.get(ZipFile.java:1445) ~[?:?]
	at java.base/java.util.zip.ZipFile$CleanableResource.<init>(ZipFile.java:717) ~[?:?]
	at java.base/java.util.zip.ZipFile.<init>(ZipFile.java:251) ~[?:?]
	at java.base/java.util.zip.ZipFile.<init>(ZipFile.java:180) ~[?:?]
	at java.base/java.util.jar.JarFile.<init>(JarFile.java:346) ~[?:?]
	at java.base/java.util.jar.JarFile.<init>(JarFile.java:317) ~[?:?]
	at java.base/java.util.jar.JarFile.<init>(JarFile.java:283) ~[?:?]
	at org.apache.jorphan.reflect.ClassFinder.findClassesInOnePath(ClassFinder.java:478) ~[jorphan.jar:5.6.3]
	at org.apache.jorphan.reflect.ClassFinder.findClasses(ClassFinder.java:443) ~[jorphan.jar:5.6.3]
	at org.apache.jorphan.reflect.ClassFinder.findClassesThatExtend(ClassFinder.java:413) ~[jorphan.jar:5.6.3]
	at org.apache.jorphan.reflect.ClassFinder.findClassesThatExtend(ClassFinder.java:336) ~[jorphan.jar:5.6.3]
	at org.apache.jorphan.reflect.ClassFinder.findClassesThatExtend(ClassFinder.java:315) ~[jorphan.jar:5.6.3]
	at org.apache.jmeter.util.JMeterUtils.findClassesThatExtend(JMeterUtils.java:402) ~[ApacheJMeter_core.jar:5.6.3]
	at org.apache.jmeter.util.JMeterUtils.loadServicesAndScanJars(JMeterUtils.java:349) ~[ApacheJMeter_core.jar:5.6.3]
	at org.apache.jmeter.visualizers.ViewResultsFullVisualizer.createComboRender(ViewResultsFullVisualizer.java:464) ~[ApacheJMeter_components.jar:5.6.3]
	at org.apache.jmeter.visualizers.ViewResultsFullVisualizer.createLeftPanel(ViewResultsFullVisualizer.java:438) ~[ApacheJMeter_components.jar:5.6.3]
	at org.apache.jmeter.visualizers.ViewResultsFullVisualizer.init(ViewResultsFullVisualizer.java:349) ~[ApacheJMeter_components.jar:5.6.3]
	at org.apache.jmeter.visualizers.ViewResultsFullVisualizer.<init>(ViewResultsFullVisualizer.java:156) ~[ApacheJMeter_components.jar:5.6.3]
	at java.base/jdk.internal.reflect.NativeConstructorAccessorImpl.newInstance0(Native Method) ~[?:?]
	at java.base/jdk.internal.reflect.NativeConstructorAccessorImpl.newInstance(NativeConstructorAccessorImpl.java:77) ~[?:?]
	at java.base/jdk.internal.reflect.DelegatingConstructorAccessorImpl.newInstance(DelegatingConstructorAccessorImpl.java:45) ~[?:?]
	at java.base/java.lang.reflect.Constructor.newInstanceWithCaller(Constructor.java:500) ~[?:?]
	at java.base/java.lang.reflect.Constructor.newInstance(Constructor.java:481) ~[?:?]
	at org.apache.jmeter.gui.GuiPackage.getGuiFromCache(GuiPackage.java:424) ~[ApacheJMeter_core.jar:5.6.3]
	at org.apache.jmeter.gui.GuiPackage.getGui(GuiPackage.java:267) ~[ApacheJMeter_core.jar:5.6.3]
	at org.apache.jmeter.gui.GuiPackage.getGui(GuiPackage.java:238) ~[ApacheJMeter_core.jar:5.6.3]
	at org.apache.jmeter.gui.tree.JMeterTreeModel.addComponent(JMeterTreeModel.java:160) ~[ApacheJMeter_core.jar:5.6.3]
	at org.apache.jmeter.gui.tree.JMeterTreeModel.addSubTree(JMeterTreeModel.java:131) ~[ApacheJMeter_core.jar:5.6.3]
	at org.apache.jmeter.gui.tree.JMeterTreeModel.addSubTree(JMeterTreeModel.java:131) ~[ApacheJMeter_core.jar:5.6.3]
	at org.apache.jmeter.gui.tree.JMeterTreeModel.addSubTree(JMeterTreeModel.java:131) ~[ApacheJMeter_core.jar:5.6.3]
	at org.apache.jmeter.gui.tree.JMeterTreeModel.addSubTree(JMeterTreeModel.java:123) ~[ApacheJMeter_core.jar:5.6.3]
	at org.apache.jmeter.gui.GuiPackage.addSubTree(GuiPackage.java:555) ~[ApacheJMeter_core.jar:5.6.3]
	at org.apache.jmeter.gui.action.Load.insertLoadedTree(Load.java:201) ~[ApacheJMeter_core.jar:5.6.3]
	at org.apache.jmeter.gui.action.Load.loadProjectFile(Load.java:132) ~[ApacheJMeter_core.jar:5.6.3]
	at org.apache.jmeter.gui.action.Load.loadProjectFile(Load.java:103) ~[ApacheJMeter_core.jar:5.6.3]
	at org.apache.jmeter.gui.action.LoadRecentProject.doActionAfterCheck(LoadRecentProject.java:74) ~[ApacheJMeter_core.jar:5.6.3]
	at org.apache.jmeter.gui.action.AbstractActionWithNoRunningTest.doAction(AbstractActionWithNoRunningTest.java:44) ~[ApacheJMeter_core.jar:5.6.3]
	at org.apache.jmeter.gui.action.ActionRouter.performAction(ActionRouter.java:83) ~[ApacheJMeter_core.jar:5.6.3]
	at org.apache.jmeter.gui.action.ActionRouter.lambda$actionPerformed$0(ActionRouter.java:65) ~[ApacheJMeter_core.jar:5.6.3]
	at java.desktop/java.awt.event.InvocationEvent.dispatch(InvocationEvent.java:318) ~[?:?]
	at java.desktop/java.awt.EventQueue.dispatchEventImpl(EventQueue.java:773) ~[?:?]
	at java.desktop/java.awt.EventQueue$4.run(EventQueue.java:720) ~[?:?]
	at java.desktop/java.awt.EventQueue$4.run(EventQueue.java:714) ~[?:?]
	at java.base/java.security.AccessController.doPrivileged(AccessController.java:399) [?:?]
	at java.base/java.security.ProtectionDomain$JavaSecurityAccessImpl.doIntersectionPrivilege(ProtectionDomain.java:86) [?:?]
	at java.desktop/java.awt.EventQueue.dispatchEvent(EventQueue.java:742) [?:?]
	at java.desktop/java.awt.EventDispatchThread.pumpOneEventForFilters(EventDispatchThread.java:203) [?:?]
	at java.desktop/java.awt.EventDispatchThread.pumpEventsForFilter(EventDispatchThread.java:124) [?:?]
	at java.desktop/java.awt.EventDispatchThread.pumpEventsForHierarchy(EventDispatchThread.java:113) [?:?]
	at java.desktop/java.awt.EventDispatchThread.pumpEvents(EventDispatchThread.java:109) [?:?]
	at java.desktop/java.awt.EventDispatchThread.pumpEvents(EventDispatchThread.java:101) [?:?]
	at java.desktop/java.awt.EventDispatchThread.run(EventDispatchThread.java:90) [?:?]
2025-04-29 23:49:58,084 WARN o.a.j.r.ClassFinder: Can not open the jar /home/varun/jmeter/lib/ext/bzm-video.jar, message: zip file is empty
java.util.zip.ZipException: zip file is empty
	at java.base/java.util.zip.ZipFile$Source.zerror(ZipFile.java:1769) ~[?:?]
	at java.base/java.util.zip.ZipFile$Source.findEND(ZipFile.java:1550) ~[?:?]
	at java.base/java.util.zip.ZipFile$Source.initCEN(ZipFile.java:1645) ~[?:?]
	at java.base/java.util.zip.ZipFile$Source.<init>(ZipFile.java:1483) ~[?:?]
	at java.base/java.util.zip.ZipFile$Source.get(ZipFile.java:1445) ~[?:?]
	at java.base/java.util.zip.ZipFile$CleanableResource.<init>(ZipFile.java:717) ~[?:?]
	at java.base/java.util.zip.ZipFile.<init>(ZipFile.java:251) ~[?:?]
	at java.base/java.util.zip.ZipFile.<init>(ZipFile.java:180) ~[?:?]
	at java.base/java.util.zip.ZipFile.<init>(ZipFile.java:194) ~[?:?]
	at org.apache.jorphan.reflect.ClassFinder.findClassesInOnePath(ClassFinder.java:496) ~[jorphan.jar:5.6.3]
	at org.apache.jorphan.reflect.ClassFinder.findClasses(ClassFinder.java:443) ~[jorphan.jar:5.6.3]
	at org.apache.jorphan.reflect.ClassFinder.findClassesThatExtend(ClassFinder.java:413) ~[jorphan.jar:5.6.3]
	at org.apache.jorphan.reflect.ClassFinder.findClassesThatExtend(ClassFinder.java:336) ~[jorphan.jar:5.6.3]
	at org.apache.jorphan.reflect.ClassFinder.findClassesThatExtend(ClassFinder.java:315) ~[jorphan.jar:5.6.3]
	at org.apache.jmeter.util.JMeterUtils.findClassesThatExtend(JMeterUtils.java:402) ~[ApacheJMeter_core.jar:5.6.3]
	at org.apache.jmeter.util.JMeterUtils.loadServicesAndScanJars(JMeterUtils.java:349) ~[ApacheJMeter_core.jar:5.6.3]
	at org.apache.jmeter.visualizers.ViewResultsFullVisualizer.createComboRender(ViewResultsFullVisualizer.java:464) ~[ApacheJMeter_components.jar:5.6.3]
	at org.apache.jmeter.visualizers.ViewResultsFullVisualizer.createLeftPanel(ViewResultsFullVisualizer.java:438) ~[ApacheJMeter_components.jar:5.6.3]
	at org.apache.jmeter.visualizers.ViewResultsFullVisualizer.init(ViewResultsFullVisualizer.java:349) ~[ApacheJMeter_components.jar:5.6.3]
	at org.apache.jmeter.visualizers.ViewResultsFullVisualizer.<init>(ViewResultsFullVisualizer.java:156) ~[ApacheJMeter_components.jar:5.6.3]
	at java.base/jdk.internal.reflect.NativeConstructorAccessorImpl.newInstance0(Native Method) ~[?:?]
	at java.base/jdk.internal.reflect.NativeConstructorAccessorImpl.newInstance(NativeConstructorAccessorImpl.java:77) ~[?:?]
	at java.base/jdk.internal.reflect.DelegatingConstructorAccessorImpl.newInstance(DelegatingConstructorAccessorImpl.java:45) ~[?:?]
	at java.base/java.lang.reflect.Constructor.newInstanceWithCaller(Constructor.java:500) ~[?:?]
	at java.base/java.lang.reflect.Constructor.newInstance(Constructor.java:481) ~[?:?]
	at org.apache.jmeter.gui.GuiPackage.getGuiFromCache(GuiPackage.java:424) ~[ApacheJMeter_core.jar:5.6.3]
	at org.apache.jmeter.gui.GuiPackage.getGui(GuiPackage.java:267) ~[ApacheJMeter_core.jar:5.6.3]
	at org.apache.jmeter.gui.GuiPackage.getGui(GuiPackage.java:238) ~[ApacheJMeter_core.jar:5.6.3]
	at org.apache.jmeter.gui.tree.JMeterTreeModel.addComponent(JMeterTreeModel.java:160) ~[ApacheJMeter_core.jar:5.6.3]
	at org.apache.jmeter.gui.tree.JMeterTreeModel.addSubTree(JMeterTreeModel.java:131) ~[ApacheJMeter_core.jar:5.6.3]
	at org.apache.jmeter.gui.tree.JMeterTreeModel.addSubTree(JMeterTreeModel.java:131) ~[ApacheJMeter_core.jar:5.6.3]
	at org.apache.jmeter.gui.tree.JMeterTreeModel.addSubTree(JMeterTreeModel.java:131) ~[ApacheJMeter_core.jar:5.6.3]
	at org.apache.jmeter.gui.tree.JMeterTreeModel.addSubTree(JMeterTreeModel.java:123) ~[ApacheJMeter_core.jar:5.6.3]
	at org.apache.jmeter.gui.GuiPackage.addSubTree(GuiPackage.java:555) ~[ApacheJMeter_core.jar:5.6.3]
	at org.apache.jmeter.gui.action.Load.insertLoadedTree(Load.java:201) ~[ApacheJMeter_core.jar:5.6.3]
	at org.apache.jmeter.gui.action.Load.loadProjectFile(Load.java:132) ~[ApacheJMeter_core.jar:5.6.3]
	at org.apache.jmeter.gui.action.Load.loadProjectFile(Load.java:103) ~[ApacheJMeter_core.jar:5.6.3]
	at org.apache.jmeter.gui.action.LoadRecentProject.doActionAfterCheck(LoadRecentProject.java:74) ~[ApacheJMeter_core.jar:5.6.3]
	at org.apache.jmeter.gui.action.AbstractActionWithNoRunningTest.doAction(AbstractActionWithNoRunningTest.java:44) ~[ApacheJMeter_core.jar:5.6.3]
	at org.apache.jmeter.gui.action.ActionRouter.performAction(ActionRouter.java:83) ~[ApacheJMeter_core.jar:5.6.3]
	at org.apache.jmeter.gui.action.ActionRouter.lambda$actionPerformed$0(ActionRouter.java:65) ~[ApacheJMeter_core.jar:5.6.3]
	at java.desktop/java.awt.event.InvocationEvent.dispatch(InvocationEvent.java:318) ~[?:?]
	at java.desktop/java.awt.EventQueue.dispatchEventImpl(EventQueue.java:773) ~[?:?]
	at java.desktop/java.awt.EventQueue$4.run(EventQueue.java:720) ~[?:?]
	at java.desktop/java.awt.EventQueue$4.run(EventQueue.java:714) ~[?:?]
	at java.base/java.security.AccessController.doPrivileged(AccessController.java:399) [?:?]
	at java.base/java.security.ProtectionDomain$JavaSecurityAccessImpl.doIntersectionPrivilege(ProtectionDomain.java:86) [?:?]
	at java.desktop/java.awt.EventQueue.dispatchEvent(EventQueue.java:742) [?:?]
	at java.desktop/java.awt.EventDispatchThread.pumpOneEventForFilters(EventDispatchThread.java:203) [?:?]
	at java.desktop/java.awt.EventDispatchThread.pumpEventsForFilter(EventDispatchThread.java:124) [?:?]
	at java.desktop/java.awt.EventDispatchThread.pumpEventsForHierarchy(EventDispatchThread.java:113) [?:?]
	at java.desktop/java.awt.EventDispatchThread.pumpEvents(EventDispatchThread.java:109) [?:?]
	at java.desktop/java.awt.EventDispatchThread.pumpEvents(EventDispatchThread.java:101) [?:?]
	at java.desktop/java.awt.EventDispatchThread.run(EventDispatchThread.java:90) [?:?]
2025-04-29 23:49:58,085 INFO o.a.j.r.ClassFinder: Will scan jar /home/varun/jmeter/lib/ext/ubik-jmeter-videostreaming-plugin-10.0.0.jar with filter ExtendsClassFilter [parents=[interface org.apache.jmeter.visualizers.ResultRenderer], inner=false, contains=null, notContains=null]. Consider exposing JMeter plugins via META-INF/services, and add JMeter-Skip-Class-Scanning=true manifest attribute so JMeter can skip classfile scanning
2025-04-29 23:49:58,113 INFO o.a.j.r.ClassFinder: Will scan jar /home/varun/jmeter/lib/ext/jmeter-plugins-manager.jar with filter ExtendsClassFilter [parents=[interface org.apache.jmeter.visualizers.RequestView], inner=false, contains=null, notContains=null]. Consider exposing JMeter plugins via META-INF/services, and add JMeter-Skip-Class-Scanning=true manifest attribute so JMeter can skip classfile scanning
2025-04-29 23:49:58,116 INFO o.a.j.r.ClassFinder: Will scan jar /home/varun/jmeter/lib/ext/jmeter-bzm-hls-3.1.jar with filter ExtendsClassFilter [parents=[interface org.apache.jmeter.visualizers.RequestView], inner=false, contains=null, notContains=null]. Consider exposing JMeter plugins via META-INF/services, and add JMeter-Skip-Class-Scanning=true manifest attribute so JMeter can skip classfile scanning
2025-04-29 23:49:58,117 WARN o.a.j.r.ClassFinder: Can not open the jar /home/varun/jmeter/lib/ext/bzm-video.jar, message: zip file is empty
java.util.zip.ZipException: zip file is empty
	at java.base/java.util.zip.ZipFile$Source.zerror(ZipFile.java:1769) ~[?:?]
	at java.base/java.util.zip.ZipFile$Source.findEND(ZipFile.java:1550) ~[?:?]
	at java.base/java.util.zip.ZipFile$Source.initCEN(ZipFile.java:1645) ~[?:?]
	at java.base/java.util.zip.ZipFile$Source.<init>(ZipFile.java:1483) ~[?:?]
	at java.base/java.util.zip.ZipFile$Source.get(ZipFile.java:1445) ~[?:?]
	at java.base/java.util.zip.ZipFile$CleanableResource.<init>(ZipFile.java:717) ~[?:?]
	at java.base/java.util.zip.ZipFile.<init>(ZipFile.java:251) ~[?:?]
	at java.base/java.util.zip.ZipFile.<init>(ZipFile.java:180) ~[?:?]
	at java.base/java.util.jar.JarFile.<init>(JarFile.java:346) ~[?:?]
	at java.base/java.util.jar.JarFile.<init>(JarFile.java:317) ~[?:?]
	at java.base/java.util.jar.JarFile.<init>(JarFile.java:283) ~[?:?]
	at org.apache.jorphan.reflect.ClassFinder.findClassesInOnePath(ClassFinder.java:478) ~[jorphan.jar:5.6.3]
	at org.apache.jorphan.reflect.ClassFinder.findClasses(ClassFinder.java:443) ~[jorphan.jar:5.6.3]
	at org.apache.jorphan.reflect.ClassFinder.findClassesThatExtend(ClassFinder.java:413) ~[jorphan.jar:5.6.3]
	at org.apache.jorphan.reflect.ClassFinder.findClassesThatExtend(ClassFinder.java:336) ~[jorphan.jar:5.6.3]
	at org.apache.jorphan.reflect.ClassFinder.findClassesThatExtend(ClassFinder.java:315) ~[jorphan.jar:5.6.3]
	at org.apache.jmeter.util.JMeterUtils.findClassesThatExtend(JMeterUtils.java:402) ~[ApacheJMeter_core.jar:5.6.3]
	at org.apache.jmeter.util.JMeterUtils.loadServicesAndScanJars(JMeterUtils.java:349) ~[ApacheJMeter_core.jar:5.6.3]
	at org.apache.jmeter.visualizers.RequestPanel.<init>(RequestPanel.java:56) ~[ApacheJMeter_components.jar:5.6.3]
	at org.apache.jmeter.visualizers.SamplerResultTab.init(SamplerResultTab.java:241) ~[ApacheJMeter_components.jar:5.6.3]
	at org.apache.jmeter.visualizers.ViewResultsFullVisualizer.init(ViewResultsFullVisualizer.java:367) ~[ApacheJMeter_components.jar:5.6.3]
	at org.apache.jmeter.visualizers.ViewResultsFullVisualizer.<init>(ViewResultsFullVisualizer.java:156) ~[ApacheJMeter_components.jar:5.6.3]
	at java.base/jdk.internal.reflect.NativeConstructorAccessorImpl.newInstance0(Native Method) ~[?:?]
	at java.base/jdk.internal.reflect.NativeConstructorAccessorImpl.newInstance(NativeConstructorAccessorImpl.java:77) ~[?:?]
	at java.base/jdk.internal.reflect.DelegatingConstructorAccessorImpl.newInstance(DelegatingConstructorAccessorImpl.java:45) ~[?:?]
	at java.base/java.lang.reflect.Constructor.newInstanceWithCaller(Constructor.java:500) ~[?:?]
	at java.base/java.lang.reflect.Constructor.newInstance(Constructor.java:481) ~[?:?]
	at org.apache.jmeter.gui.GuiPackage.getGuiFromCache(GuiPackage.java:424) ~[ApacheJMeter_core.jar:5.6.3]
	at org.apache.jmeter.gui.GuiPackage.getGui(GuiPackage.java:267) ~[ApacheJMeter_core.jar:5.6.3]
	at org.apache.jmeter.gui.GuiPackage.getGui(GuiPackage.java:238) ~[ApacheJMeter_core.jar:5.6.3]
	at org.apache.jmeter.gui.tree.JMeterTreeModel.addComponent(JMeterTreeModel.java:160) ~[ApacheJMeter_core.jar:5.6.3]
	at org.apache.jmeter.gui.tree.JMeterTreeModel.addSubTree(JMeterTreeModel.java:131) ~[ApacheJMeter_core.jar:5.6.3]
	at org.apache.jmeter.gui.tree.JMeterTreeModel.addSubTree(JMeterTreeModel.java:131) ~[ApacheJMeter_core.jar:5.6.3]
	at org.apache.jmeter.gui.tree.JMeterTreeModel.addSubTree(JMeterTreeModel.java:131) ~[ApacheJMeter_core.jar:5.6.3]
	at org.apache.jmeter.gui.tree.JMeterTreeModel.addSubTree(JMeterTreeModel.java:123) ~[ApacheJMeter_core.jar:5.6.3]
	at org.apache.jmeter.gui.GuiPackage.addSubTree(GuiPackage.java:555) ~[ApacheJMeter_core.jar:5.6.3]
	at org.apache.jmeter.gui.action.Load.insertLoadedTree(Load.java:201) ~[ApacheJMeter_core.jar:5.6.3]
	at org.apache.jmeter.gui.action.Load.loadProjectFile(Load.java:132) ~[ApacheJMeter_core.jar:5.6.3]
	at org.apache.jmeter.gui.action.Load.loadProjectFile(Load.java:103) ~[ApacheJMeter_core.jar:5.6.3]
	at org.apache.jmeter.gui.action.LoadRecentProject.doActionAfterCheck(LoadRecentProject.java:74) ~[ApacheJMeter_core.jar:5.6.3]
	at org.apache.jmeter.gui.action.AbstractActionWithNoRunningTest.doAction(AbstractActionWithNoRunningTest.java:44) ~[ApacheJMeter_core.jar:5.6.3]
	at org.apache.jmeter.gui.action.ActionRouter.performAction(ActionRouter.java:83) ~[ApacheJMeter_core.jar:5.6.3]
	at org.apache.jmeter.gui.action.ActionRouter.lambda$actionPerformed$0(ActionRouter.java:65) ~[ApacheJMeter_core.jar:5.6.3]
	at java.desktop/java.awt.event.InvocationEvent.dispatch(InvocationEvent.java:318) ~[?:?]
	at java.desktop/java.awt.EventQueue.dispatchEventImpl(EventQueue.java:773) ~[?:?]
	at java.desktop/java.awt.EventQueue$4.run(EventQueue.java:720) ~[?:?]
	at java.desktop/java.awt.EventQueue$4.run(EventQueue.java:714) ~[?:?]
	at java.base/java.security.AccessController.doPrivileged(AccessController.java:399) [?:?]
	at java.base/java.security.ProtectionDomain$JavaSecurityAccessImpl.doIntersectionPrivilege(ProtectionDomain.java:86) [?:?]
	at java.desktop/java.awt.EventQueue.dispatchEvent(EventQueue.java:742) [?:?]
	at java.desktop/java.awt.EventDispatchThread.pumpOneEventForFilters(EventDispatchThread.java:203) [?:?]
	at java.desktop/java.awt.EventDispatchThread.pumpEventsForFilter(EventDispatchThread.java:124) [?:?]
	at java.desktop/java.awt.EventDispatchThread.pumpEventsForHierarchy(EventDispatchThread.java:113) [?:?]
	at java.desktop/java.awt.EventDispatchThread.pumpEvents(EventDispatchThread.java:109) [?:?]
	at java.desktop/java.awt.EventDispatchThread.pumpEvents(EventDispatchThread.java:101) [?:?]
	at java.desktop/java.awt.EventDispatchThread.run(EventDispatchThread.java:90) [?:?]
2025-04-29 23:49:58,117 WARN o.a.j.r.ClassFinder: Can not open the jar /home/varun/jmeter/lib/ext/bzm-video.jar, message: zip file is empty
java.util.zip.ZipException: zip file is empty
	at java.base/java.util.zip.ZipFile$Source.zerror(ZipFile.java:1769) ~[?:?]
	at java.base/java.util.zip.ZipFile$Source.findEND(ZipFile.java:1550) ~[?:?]
	at java.base/java.util.zip.ZipFile$Source.initCEN(ZipFile.java:1645) ~[?:?]
	at java.base/java.util.zip.ZipFile$Source.<init>(ZipFile.java:1483) ~[?:?]
	at java.base/java.util.zip.ZipFile$Source.get(ZipFile.java:1445) ~[?:?]
	at java.base/java.util.zip.ZipFile$CleanableResource.<init>(ZipFile.java:717) ~[?:?]
	at java.base/java.util.zip.ZipFile.<init>(ZipFile.java:251) ~[?:?]
	at java.base/java.util.zip.ZipFile.<init>(ZipFile.java:180) ~[?:?]
	at java.base/java.util.zip.ZipFile.<init>(ZipFile.java:194) ~[?:?]
	at org.apache.jorphan.reflect.ClassFinder.findClassesInOnePath(ClassFinder.java:496) ~[jorphan.jar:5.6.3]
	at org.apache.jorphan.reflect.ClassFinder.findClasses(ClassFinder.java:443) ~[jorphan.jar:5.6.3]
	at org.apache.jorphan.reflect.ClassFinder.findClassesThatExtend(ClassFinder.java:413) ~[jorphan.jar:5.6.3]
	at org.apache.jorphan.reflect.ClassFinder.findClassesThatExtend(ClassFinder.java:336) ~[jorphan.jar:5.6.3]
	at org.apache.jorphan.reflect.ClassFinder.findClassesThatExtend(ClassFinder.java:315) ~[jorphan.jar:5.6.3]
	at org.apache.jmeter.util.JMeterUtils.findClassesThatExtend(JMeterUtils.java:402) ~[ApacheJMeter_core.jar:5.6.3]
	at org.apache.jmeter.util.JMeterUtils.loadServicesAndScanJars(JMeterUtils.java:349) ~[ApacheJMeter_core.jar:5.6.3]
	at org.apache.jmeter.visualizers.RequestPanel.<init>(RequestPanel.java:56) ~[ApacheJMeter_components.jar:5.6.3]
	at org.apache.jmeter.visualizers.SamplerResultTab.init(SamplerResultTab.java:241) ~[ApacheJMeter_components.jar:5.6.3]
	at org.apache.jmeter.visualizers.ViewResultsFullVisualizer.init(ViewResultsFullVisualizer.java:367) ~[ApacheJMeter_components.jar:5.6.3]
	at org.apache.jmeter.visualizers.ViewResultsFullVisualizer.<init>(ViewResultsFullVisualizer.java:156) ~[ApacheJMeter_components.jar:5.6.3]
	at java.base/jdk.internal.reflect.NativeConstructorAccessorImpl.newInstance0(Native Method) ~[?:?]
	at java.base/jdk.internal.reflect.NativeConstructorAccessorImpl.newInstance(NativeConstructorAccessorImpl.java:77) ~[?:?]
	at java.base/jdk.internal.reflect.DelegatingConstructorAccessorImpl.newInstance(DelegatingConstructorAccessorImpl.java:45) ~[?:?]
	at java.base/java.lang.reflect.Constructor.newInstanceWithCaller(Constructor.java:500) ~[?:?]
	at java.base/java.lang.reflect.Constructor.newInstance(Constructor.java:481) ~[?:?]
	at org.apache.jmeter.gui.GuiPackage.getGuiFromCache(GuiPackage.java:424) ~[ApacheJMeter_core.jar:5.6.3]
	at org.apache.jmeter.gui.GuiPackage.getGui(GuiPackage.java:267) ~[ApacheJMeter_core.jar:5.6.3]
	at org.apache.jmeter.gui.GuiPackage.getGui(GuiPackage.java:238) ~[ApacheJMeter_core.jar:5.6.3]
	at org.apache.jmeter.gui.tree.JMeterTreeModel.addComponent(JMeterTreeModel.java:160) ~[ApacheJMeter_core.jar:5.6.3]
	at org.apache.jmeter.gui.tree.JMeterTreeModel.addSubTree(JMeterTreeModel.java:131) ~[ApacheJMeter_core.jar:5.6.3]
	at org.apache.jmeter.gui.tree.JMeterTreeModel.addSubTree(JMeterTreeModel.java:131) ~[ApacheJMeter_core.jar:5.6.3]
	at org.apache.jmeter.gui.tree.JMeterTreeModel.addSubTree(JMeterTreeModel.java:131) ~[ApacheJMeter_core.jar:5.6.3]
	at org.apache.jmeter.gui.tree.JMeterTreeModel.addSubTree(JMeterTreeModel.java:123) ~[ApacheJMeter_core.jar:5.6.3]
	at org.apache.jmeter.gui.GuiPackage.addSubTree(GuiPackage.java:555) ~[ApacheJMeter_core.jar:5.6.3]
	at org.apache.jmeter.gui.action.Load.insertLoadedTree(Load.java:201) ~[ApacheJMeter_core.jar:5.6.3]
	at org.apache.jmeter.gui.action.Load.loadProjectFile(Load.java:132) ~[ApacheJMeter_core.jar:5.6.3]
	at org.apache.jmeter.gui.action.Load.loadProjectFile(Load.java:103) ~[ApacheJMeter_core.jar:5.6.3]
	at org.apache.jmeter.gui.action.LoadRecentProject.doActionAfterCheck(LoadRecentProject.java:74) ~[ApacheJMeter_core.jar:5.6.3]
	at org.apache.jmeter.gui.action.AbstractActionWithNoRunningTest.doAction(AbstractActionWithNoRunningTest.java:44) ~[ApacheJMeter_core.jar:5.6.3]
	at org.apache.jmeter.gui.action.ActionRouter.performAction(ActionRouter.java:83) ~[ApacheJMeter_core.jar:5.6.3]
	at org.apache.jmeter.gui.action.ActionRouter.lambda$actionPerformed$0(ActionRouter.java:65) ~[ApacheJMeter_core.jar:5.6.3]
	at java.desktop/java.awt.event.InvocationEvent.dispatch(InvocationEvent.java:318) ~[?:?]
	at java.desktop/java.awt.EventQueue.dispatchEventImpl(EventQueue.java:773) ~[?:?]
	at java.desktop/java.awt.EventQueue$4.run(EventQueue.java:720) ~[?:?]
	at java.desktop/java.awt.EventQueue$4.run(EventQueue.java:714) ~[?:?]
	at java.base/java.security.AccessController.doPrivileged(AccessController.java:399) [?:?]
	at java.base/java.security.ProtectionDomain$JavaSecurityAccessImpl.doIntersectionPrivilege(ProtectionDomain.java:86) [?:?]
	at java.desktop/java.awt.EventQueue.dispatchEvent(EventQueue.java:742) [?:?]
	at java.desktop/java.awt.EventDispatchThread.pumpOneEventForFilters(EventDispatchThread.java:203) [?:?]
	at java.desktop/java.awt.EventDispatchThread.pumpEventsForFilter(EventDispatchThread.java:124) [?:?]
	at java.desktop/java.awt.EventDispatchThread.pumpEventsForHierarchy(EventDispatchThread.java:113) [?:?]
	at java.desktop/java.awt.EventDispatchThread.pumpEvents(EventDispatchThread.java:109) [?:?]
	at java.desktop/java.awt.EventDispatchThread.pumpEvents(EventDispatchThread.java:101) [?:?]
	at java.desktop/java.awt.EventDispatchThread.run(EventDispatchThread.java:90) [?:?]
2025-04-29 23:49:58,120 INFO o.a.j.r.ClassFinder: Will scan jar /home/varun/jmeter/lib/ext/ubik-jmeter-videostreaming-plugin-10.0.0.jar with filter ExtendsClassFilter [parents=[interface org.apache.jmeter.visualizers.RequestView], inner=false, contains=null, notContains=null]. Consider exposing JMeter plugins via META-INF/services, and add JMeter-Skip-Class-Scanning=true manifest attribute so JMeter can skip classfile scanning
2025-04-29 23:49:58,189 INFO o.a.j.s.FileServer: Set new base='/home/varun/jmeter-test/test-plan'
